<?xml version="1.0" encoding="UTF-8"?>
<testng-results total="23" passed="23" failed="0" skipped="0">
  <reporter-output>
  </reporter-output>
  <suite started-at="2023-12-06T12:06:44Z" name="Shonit" finished-at="2023-12-06T12:07:05Z" duration-ms="20696">
    <groups>
    </groups>
    <test started-at="2023-12-06T12:06:44Z" name="Mandara_Test" finished-at="2023-12-06T12:07:05Z" duration-ms="20696">
      <class name="com.Shrava.LoginTest">
        <test-method is-config="true" signature="initializeTestBaseSetup(java.lang.String, java.lang.String, java.lang.String)[pri:0, instance:com.Shrava.LoginTest@2df32bf7]" started-at="2023-12-06T17:36:40Z" name="initializeTestBaseSetup" finished-at="2023-12-06T17:36:44Z" duration-ms="4203" status="PASS">
          <params>
            <param index="0">
              <value>
                <![CDATA[chrome]]>
              </value>
            </param>
            <param index="1">
              <value>
                <![CDATA[https://qa.sigtuple.com/login]]>
              </value>
            </param>
            <param index="2">
              <value>
                <![CDATA[Shrava]]>
              </value>
            </param>
          </params>
          <reporter-output>
          </reporter-output>
        </test-method> <!-- initializeTestBaseSetup -->
        <test-method is-config="true" signature="setUp()[pri:0, instance:com.Shrava.LoginTest@2df32bf7]" started-at="2023-12-06T17:36:44Z" name="setUp" finished-at="2023-12-06T17:36:44Z" depends-on-methods="com.utilities.BrowserSetUp.initializeTestBaseSetup" duration-ms="21" status="PASS">
          <reporter-output>
          </reporter-output>
        </test-method> <!-- setUp -->
        <test-method signature="verifySigTupleTittle(java.lang.String)[pri:0, instance:com.Shrava.LoginTest@2df32bf7]" started-at="2023-12-06T17:36:44Z" name="verifySigTupleTittle" finished-at="2023-12-06T17:36:54Z" duration-ms="10114" status="PASS">
          <params>
            <param index="0">
              <value>
                <![CDATA[https://qa.sigtuple.com/login]]>
              </value>
            </param>
          </params>
          <reporter-output>
          </reporter-output>
        </test-method> <!-- verifySigTupleTittle -->
        <test-method is-config="true" signature="getResult(org.testng.ITestResult)[pri:0, instance:com.Shrava.LoginTest@2df32bf7]" started-at="2023-12-06T17:36:54Z" name="getResult" finished-at="2023-12-06T17:36:54Z" duration-ms="16" status="PASS">
          <params>
            <param index="0">
              <value>
                <![CDATA[[TestResult name=verifySigTupleTittle status=SUCCESS method=LoginTest.verifySigTupleTittle(java.lang.String)[pri:0, instance:com.Shrava.LoginTest@2df32bf7] output={null}]]]>
              </value>
            </param>
          </params>
          <reporter-output>
          </reporter-output>
        </test-method> <!-- getResult -->
        <test-method signature="verifyMandaraAppLoad()[pri:0, instance:com.Shrava.LoginTest@2df32bf7]" started-at="2023-12-06T17:36:54Z" name="verifyMandaraAppLoad" finished-at="2023-12-06T17:36:54Z" duration-ms="30" status="PASS">
          <reporter-output>
          </reporter-output>
        </test-method> <!-- verifyMandaraAppLoad -->
        <test-method is-config="true" signature="getResult(org.testng.ITestResult)[pri:0, instance:com.Shrava.LoginTest@2df32bf7]" started-at="2023-12-06T17:36:54Z" name="getResult" finished-at="2023-12-06T17:36:54Z" duration-ms="1" status="PASS">
          <params>
            <param index="0">
              <value>
                <![CDATA[[TestResult name=verifyMandaraAppLoad status=SUCCESS method=LoginTest.verifyMandaraAppLoad()[pri:0, instance:com.Shrava.LoginTest@2df32bf7] output={null}]]]>
              </value>
            </param>
          </params>
          <reporter-output>
          </reporter-output>
        </test-method> <!-- getResult -->
        <test-method signature="visibilityOfSigtupleLogo()[pri:0, instance:com.Shrava.LoginTest@2df32bf7]" started-at="2023-12-06T17:36:54Z" name="visibilityOfSigtupleLogo" finished-at="2023-12-06T17:36:54Z" duration-ms="43" status="PASS">
          <reporter-output>
          </reporter-output>
        </test-method> <!-- visibilityOfSigtupleLogo -->
        <test-method is-config="true" signature="getResult(org.testng.ITestResult)[pri:0, instance:com.Shrava.LoginTest@2df32bf7]" started-at="2023-12-06T17:36:54Z" name="getResult" finished-at="2023-12-06T17:36:54Z" duration-ms="1" status="PASS">
          <params>
            <param index="0">
              <value>
                <![CDATA[[TestResult name=visibilityOfSigtupleLogo status=SUCCESS method=LoginTest.visibilityOfSigtupleLogo()[pri:0, instance:com.Shrava.LoginTest@2df32bf7] output={null}]]]>
              </value>
            </param>
          </params>
          <reporter-output>
          </reporter-output>
        </test-method> <!-- getResult -->
        <test-method signature="visibilityOfLoginContainer()[pri:0, instance:com.Shrava.LoginTest@2df32bf7]" started-at="2023-12-06T17:36:54Z" name="visibilityOfLoginContainer" finished-at="2023-12-06T17:36:54Z" duration-ms="35" status="PASS">
          <reporter-output>
          </reporter-output>
        </test-method> <!-- visibilityOfLoginContainer -->
        <test-method is-config="true" signature="getResult(org.testng.ITestResult)[pri:0, instance:com.Shrava.LoginTest@2df32bf7]" started-at="2023-12-06T17:36:54Z" name="getResult" finished-at="2023-12-06T17:36:54Z" duration-ms="1" status="PASS">
          <params>
            <param index="0">
              <value>
                <![CDATA[[TestResult name=visibilityOfLoginContainer status=SUCCESS method=LoginTest.visibilityOfLoginContainer()[pri:0, instance:com.Shrava.LoginTest@2df32bf7] output={null}]]]>
              </value>
            </param>
          </params>
          <reporter-output>
          </reporter-output>
        </test-method> <!-- getResult -->
        <test-method signature="visibilityOfUserNameField()[pri:0, instance:com.Shrava.LoginTest@2df32bf7]" started-at="2023-12-06T17:36:54Z" name="visibilityOfUserNameField" finished-at="2023-12-06T17:36:54Z" duration-ms="37" status="PASS">
          <reporter-output>
          </reporter-output>
        </test-method> <!-- visibilityOfUserNameField -->
        <test-method is-config="true" signature="getResult(org.testng.ITestResult)[pri:0, instance:com.Shrava.LoginTest@2df32bf7]" started-at="2023-12-06T17:36:54Z" name="getResult" finished-at="2023-12-06T17:36:54Z" duration-ms="1" status="PASS">
          <params>
            <param index="0">
              <value>
                <![CDATA[[TestResult name=visibilityOfUserNameField status=SUCCESS method=LoginTest.visibilityOfUserNameField()[pri:0, instance:com.Shrava.LoginTest@2df32bf7] output={null}]]]>
              </value>
            </param>
          </params>
          <reporter-output>
          </reporter-output>
        </test-method> <!-- getResult -->
        <test-method signature="visibilityOfPassNameField()[pri:0, instance:com.Shrava.LoginTest@2df32bf7]" started-at="2023-12-06T17:36:54Z" name="visibilityOfPassNameField" finished-at="2023-12-06T17:36:54Z" duration-ms="34" status="PASS">
          <reporter-output>
          </reporter-output>
        </test-method> <!-- visibilityOfPassNameField -->
        <test-method is-config="true" signature="getResult(org.testng.ITestResult)[pri:0, instance:com.Shrava.LoginTest@2df32bf7]" started-at="2023-12-06T17:36:54Z" name="getResult" finished-at="2023-12-06T17:36:54Z" duration-ms="0" status="PASS">
          <params>
            <param index="0">
              <value>
                <![CDATA[[TestResult name=visibilityOfPassNameField status=SUCCESS method=LoginTest.visibilityOfPassNameField()[pri:0, instance:com.Shrava.LoginTest@2df32bf7] output={null}]]]>
              </value>
            </param>
          </params>
          <reporter-output>
          </reporter-output>
        </test-method> <!-- getResult -->
        <test-method signature="visibilityOfLoginButton()[pri:0, instance:com.Shrava.LoginTest@2df32bf7]" started-at="2023-12-06T17:36:54Z" name="visibilityOfLoginButton" finished-at="2023-12-06T17:36:54Z" duration-ms="50" status="PASS">
          <reporter-output>
          </reporter-output>
        </test-method> <!-- visibilityOfLoginButton -->
        <test-method signature="enabilityOfLoginButton()[pri:0, instance:com.Shrava.LoginTest@2df32bf7]" started-at="2023-12-06T17:36:54Z" name="enabilityOfLoginButton" finished-at="2023-12-06T17:36:54Z" duration-ms="23" status="PASS">
          <reporter-output>
          </reporter-output>
        </test-method> <!-- enabilityOfLoginButton -->
        <test-method is-config="true" signature="getResult(org.testng.ITestResult)[pri:0, instance:com.Shrava.LoginTest@2df32bf7]" started-at="2023-12-06T17:36:54Z" name="getResult" finished-at="2023-12-06T17:36:54Z" duration-ms="0" status="PASS">
          <params>
            <param index="0">
              <value>
                <![CDATA[[TestResult name=visibilityOfLoginButton status=SUCCESS method=LoginTest.visibilityOfLoginButton()[pri:0, instance:com.Shrava.LoginTest@2df32bf7] output={null}]]]>
              </value>
            </param>
          </params>
          <reporter-output>
          </reporter-output>
        </test-method> <!-- getResult -->
        <test-method is-config="true" signature="getResult(org.testng.ITestResult)[pri:0, instance:com.Shrava.LoginTest@2df32bf7]" started-at="2023-12-06T17:36:54Z" name="getResult" finished-at="2023-12-06T17:36:54Z" duration-ms="0" status="PASS">
          <params>
            <param index="0">
              <value>
                <![CDATA[[TestResult name=enabilityOfLoginButton status=SUCCESS method=LoginTest.enabilityOfLoginButton()[pri:0, instance:com.Shrava.LoginTest@2df32bf7] output={null}]]]>
              </value>
            </param>
          </params>
          <reporter-output>
          </reporter-output>
        </test-method> <!-- getResult -->
        <test-method signature="verifyUserNameAlerttest()[pri:0, instance:com.Shrava.LoginTest@2df32bf7]" started-at="2023-12-06T17:36:54Z" name="verifyUserNameAlerttest" finished-at="2023-12-06T17:36:54Z" duration-ms="202" status="PASS">
          <reporter-output>
          </reporter-output>
        </test-method> <!-- verifyUserNameAlerttest -->
        <test-method is-config="true" signature="getResult(org.testng.ITestResult)[pri:0, instance:com.Shrava.LoginTest@2df32bf7]" started-at="2023-12-06T17:36:54Z" name="getResult" finished-at="2023-12-06T17:36:54Z" duration-ms="1" status="PASS">
          <params>
            <param index="0">
              <value>
                <![CDATA[[TestResult name=verifyUserNameAlerttest status=SUCCESS method=LoginTest.verifyUserNameAlerttest()[pri:0, instance:com.Shrava.LoginTest@2df32bf7] output={null}]]]>
              </value>
            </param>
          </params>
          <reporter-output>
          </reporter-output>
        </test-method> <!-- getResult -->
        <test-method signature="verifyPasswordAlerttest()[pri:0, instance:com.Shrava.LoginTest@2df32bf7]" started-at="2023-12-06T17:36:54Z" name="verifyPasswordAlerttest" finished-at="2023-12-06T17:36:55Z" duration-ms="686" status="PASS">
          <reporter-output>
          </reporter-output>
        </test-method> <!-- verifyPasswordAlerttest -->
        <test-method is-config="true" signature="getResult(org.testng.ITestResult)[pri:0, instance:com.Shrava.LoginTest@2df32bf7]" started-at="2023-12-06T17:36:55Z" name="getResult" finished-at="2023-12-06T17:36:55Z" duration-ms="0" status="PASS">
          <params>
            <param index="0">
              <value>
                <![CDATA[[TestResult name=verifyPasswordAlerttest status=SUCCESS method=LoginTest.verifyPasswordAlerttest()[pri:0, instance:com.Shrava.LoginTest@2df32bf7] output={null}]]]>
              </value>
            </param>
          </params>
          <reporter-output>
          </reporter-output>
        </test-method> <!-- getResult -->
        <test-method signature="visibilityOfForgotPasswordButton()[pri:0, instance:com.Shrava.LoginTest@2df32bf7]" started-at="2023-12-06T17:36:55Z" name="visibilityOfForgotPasswordButton" finished-at="2023-12-06T17:36:55Z" duration-ms="28" status="PASS">
          <reporter-output>
          </reporter-output>
        </test-method> <!-- visibilityOfForgotPasswordButton -->
        <test-method is-config="true" signature="getResult(org.testng.ITestResult)[pri:0, instance:com.Shrava.LoginTest@2df32bf7]" started-at="2023-12-06T17:36:55Z" name="getResult" finished-at="2023-12-06T17:36:55Z" duration-ms="0" status="PASS">
          <params>
            <param index="0">
              <value>
                <![CDATA[[TestResult name=visibilityOfForgotPasswordButton status=SUCCESS method=LoginTest.visibilityOfForgotPasswordButton()[pri:0, instance:com.Shrava.LoginTest@2df32bf7] output={null}]]]>
              </value>
            </param>
          </params>
          <reporter-output>
          </reporter-output>
        </test-method> <!-- getResult -->
        <test-method signature="clickOnForgotPasswordButton()[pri:0, instance:com.Shrava.LoginTest@2df32bf7]" started-at="2023-12-06T17:36:55Z" name="clickOnForgotPasswordButton" finished-at="2023-12-06T17:36:55Z" duration-ms="81" status="PASS">
          <reporter-output>
          </reporter-output>
        </test-method> <!-- clickOnForgotPasswordButton -->
        <test-method is-config="true" signature="getResult(org.testng.ITestResult)[pri:0, instance:com.Shrava.LoginTest@2df32bf7]" started-at="2023-12-06T17:36:55Z" name="getResult" finished-at="2023-12-06T17:36:55Z" duration-ms="0" status="PASS">
          <params>
            <param index="0">
              <value>
                <![CDATA[[TestResult name=clickOnForgotPasswordButton status=SUCCESS method=LoginTest.clickOnForgotPasswordButton()[pri:0, instance:com.Shrava.LoginTest@2df32bf7] output={null}]]]>
              </value>
            </param>
          </params>
          <reporter-output>
          </reporter-output>
        </test-method> <!-- getResult -->
        <test-method signature="verifyForgotPasswordPageLoaded()[pri:0, instance:com.Shrava.LoginTest@2df32bf7]" started-at="2023-12-06T17:36:55Z" name="verifyForgotPasswordPageLoaded" finished-at="2023-12-06T17:36:55Z" duration-ms="38" status="PASS">
          <reporter-output>
          </reporter-output>
        </test-method> <!-- verifyForgotPasswordPageLoaded -->
        <test-method is-config="true" signature="getResult(org.testng.ITestResult)[pri:0, instance:com.Shrava.LoginTest@2df32bf7]" started-at="2023-12-06T17:36:55Z" name="getResult" finished-at="2023-12-06T17:36:55Z" duration-ms="0" status="PASS">
          <params>
            <param index="0">
              <value>
                <![CDATA[[TestResult name=verifyForgotPasswordPageLoaded status=SUCCESS method=LoginTest.verifyForgotPasswordPageLoaded()[pri:0, instance:com.Shrava.LoginTest@2df32bf7] output={null}]]]>
              </value>
            </param>
          </params>
          <reporter-output>
          </reporter-output>
        </test-method> <!-- getResult -->
        <test-method signature="visibilityOfEmailIDField()[pri:0, instance:com.Shrava.LoginTest@2df32bf7]" started-at="2023-12-06T17:36:55Z" name="visibilityOfEmailIDField" finished-at="2023-12-06T17:36:55Z" duration-ms="36" status="PASS">
          <reporter-output>
          </reporter-output>
        </test-method> <!-- visibilityOfEmailIDField -->
        <test-method is-config="true" signature="getResult(org.testng.ITestResult)[pri:0, instance:com.Shrava.LoginTest@2df32bf7]" started-at="2023-12-06T17:36:55Z" name="getResult" finished-at="2023-12-06T17:36:55Z" duration-ms="1" status="PASS">
          <params>
            <param index="0">
              <value>
                <![CDATA[[TestResult name=visibilityOfEmailIDField status=SUCCESS method=LoginTest.visibilityOfEmailIDField()[pri:0, instance:com.Shrava.LoginTest@2df32bf7] output={null}]]]>
              </value>
            </param>
          </params>
          <reporter-output>
          </reporter-output>
        </test-method> <!-- getResult -->
        <test-method signature="visibilityOfBackToLoginButton()[pri:0, instance:com.Shrava.LoginTest@2df32bf7]" started-at="2023-12-06T17:36:55Z" name="visibilityOfBackToLoginButton" finished-at="2023-12-06T17:36:55Z" duration-ms="49" status="PASS">
          <reporter-output>
          </reporter-output>
        </test-method> <!-- visibilityOfBackToLoginButton -->
        <test-method is-config="true" signature="getResult(org.testng.ITestResult)[pri:0, instance:com.Shrava.LoginTest@2df32bf7]" started-at="2023-12-06T17:36:55Z" name="getResult" finished-at="2023-12-06T17:36:55Z" duration-ms="3" status="PASS">
          <params>
            <param index="0">
              <value>
                <![CDATA[[TestResult name=visibilityOfBackToLoginButton status=SUCCESS method=LoginTest.visibilityOfBackToLoginButton()[pri:0, instance:com.Shrava.LoginTest@2df32bf7] output={null}]]]>
              </value>
            </param>
          </params>
          <reporter-output>
          </reporter-output>
        </test-method> <!-- getResult -->
        <test-method signature="visibilityOfReserPasswordButton()[pri:0, instance:com.Shrava.LoginTest@2df32bf7]" started-at="2023-12-06T17:36:55Z" name="visibilityOfReserPasswordButton" finished-at="2023-12-06T17:36:55Z" duration-ms="40" status="PASS">
          <reporter-output>
          </reporter-output>
        </test-method> <!-- visibilityOfReserPasswordButton -->
        <test-method is-config="true" signature="getResult(org.testng.ITestResult)[pri:0, instance:com.Shrava.LoginTest@2df32bf7]" started-at="2023-12-06T17:36:55Z" name="getResult" finished-at="2023-12-06T17:36:55Z" duration-ms="1" status="PASS">
          <params>
            <param index="0">
              <value>
                <![CDATA[[TestResult name=visibilityOfReserPasswordButton status=SUCCESS method=LoginTest.visibilityOfReserPasswordButton()[pri:0, instance:com.Shrava.LoginTest@2df32bf7] output={null}]]]>
              </value>
            </param>
          </params>
          <reporter-output>
          </reporter-output>
        </test-method> <!-- getResult -->
        <test-method signature="enabilityOfReserPasswordButton()[pri:0, instance:com.Shrava.LoginTest@2df32bf7]" started-at="2023-12-06T17:36:55Z" name="enabilityOfReserPasswordButton" finished-at="2023-12-06T17:36:55Z" duration-ms="35" status="PASS">
          <reporter-output>
          </reporter-output>
        </test-method> <!-- enabilityOfReserPasswordButton -->
        <test-method is-config="true" signature="getResult(org.testng.ITestResult)[pri:0, instance:com.Shrava.LoginTest@2df32bf7]" started-at="2023-12-06T17:36:55Z" name="getResult" finished-at="2023-12-06T17:36:55Z" duration-ms="1" status="PASS">
          <params>
            <param index="0">
              <value>
                <![CDATA[[TestResult name=enabilityOfReserPasswordButton status=SUCCESS method=LoginTest.enabilityOfReserPasswordButton()[pri:0, instance:com.Shrava.LoginTest@2df32bf7] output={null}]]]>
              </value>
            </param>
          </params>
          <reporter-output>
          </reporter-output>
        </test-method> <!-- getResult -->
        <test-method signature="verifyAlertforInvalideEmail()[pri:0, instance:com.Shrava.LoginTest@2df32bf7]" started-at="2023-12-06T17:36:55Z" name="verifyAlertforInvalideEmail" finished-at="2023-12-06T17:36:57Z" duration-ms="1109" status="PASS">
          <reporter-output>
          </reporter-output>
        </test-method> <!-- verifyAlertforInvalideEmail -->
        <test-method is-config="true" signature="getResult(org.testng.ITestResult)[pri:0, instance:com.Shrava.LoginTest@2df32bf7]" started-at="2023-12-06T17:36:57Z" name="getResult" finished-at="2023-12-06T17:36:57Z" duration-ms="0" status="PASS">
          <params>
            <param index="0">
              <value>
                <![CDATA[[TestResult name=verifyAlertforInvalideEmail status=SUCCESS method=LoginTest.verifyAlertforInvalideEmail()[pri:0, instance:com.Shrava.LoginTest@2df32bf7] output={null}]]]>
              </value>
            </param>
          </params>
          <reporter-output>
          </reporter-output>
        </test-method> <!-- getResult -->
        <test-method signature="verifyAlertforValideEmail()[pri:0, instance:com.Shrava.LoginTest@2df32bf7]" started-at="2023-12-06T17:36:57Z" name="verifyAlertforValideEmail" finished-at="2023-12-06T17:37:02Z" duration-ms="5630" status="PASS">
          <reporter-output>
          </reporter-output>
        </test-method> <!-- verifyAlertforValideEmail -->
        <test-method is-config="true" signature="getResult(org.testng.ITestResult)[pri:0, instance:com.Shrava.LoginTest@2df32bf7]" started-at="2023-12-06T17:37:02Z" name="getResult" finished-at="2023-12-06T17:37:02Z" duration-ms="1" status="PASS">
          <params>
            <param index="0">
              <value>
                <![CDATA[[TestResult name=verifyAlertforValideEmail status=SUCCESS method=LoginTest.verifyAlertforValideEmail()[pri:0, instance:com.Shrava.LoginTest@2df32bf7] output={null}]]]>
              </value>
            </param>
          </params>
          <reporter-output>
          </reporter-output>
        </test-method> <!-- getResult -->
        <test-method signature="clickonBackToLogin()[pri:0, instance:com.Shrava.LoginTest@2df32bf7]" started-at="2023-12-06T17:37:02Z" name="clickonBackToLogin" finished-at="2023-12-06T17:37:03Z" duration-ms="741" status="PASS">
          <reporter-output>
          </reporter-output>
        </test-method> <!-- clickonBackToLogin -->
        <test-method is-config="true" signature="getResult(org.testng.ITestResult)[pri:0, instance:com.Shrava.LoginTest@2df32bf7]" started-at="2023-12-06T17:37:03Z" name="getResult" finished-at="2023-12-06T17:37:03Z" duration-ms="0" status="PASS">
          <params>
            <param index="0">
              <value>
                <![CDATA[[TestResult name=clickonBackToLogin status=SUCCESS method=LoginTest.clickonBackToLogin()[pri:0, instance:com.Shrava.LoginTest@2df32bf7] output={null}]]]>
              </value>
            </param>
          </params>
          <reporter-output>
          </reporter-output>
        </test-method> <!-- getResult -->
        <test-method signature="visibilityOfLoginContainer1()[pri:0, instance:com.Shrava.LoginTest@2df32bf7]" started-at="2023-12-06T17:37:03Z" name="visibilityOfLoginContainer1" finished-at="2023-12-06T17:37:03Z" duration-ms="30" status="PASS">
          <reporter-output>
          </reporter-output>
        </test-method> <!-- visibilityOfLoginContainer1 -->
        <test-method is-config="true" signature="getResult(org.testng.ITestResult)[pri:0, instance:com.Shrava.LoginTest@2df32bf7]" started-at="2023-12-06T17:37:03Z" name="getResult" finished-at="2023-12-06T17:37:03Z" duration-ms="1" status="PASS">
          <params>
            <param index="0">
              <value>
                <![CDATA[[TestResult name=visibilityOfLoginContainer1 status=SUCCESS method=LoginTest.visibilityOfLoginContainer1()[pri:0, instance:com.Shrava.LoginTest@2df32bf7] output={null}]]]>
              </value>
            </param>
          </params>
          <reporter-output>
          </reporter-output>
        </test-method> <!-- getResult -->
        <test-method signature="verifyValidLogin(java.lang.String, java.lang.String)[pri:0, instance:com.Shrava.LoginTest@2df32bf7]" started-at="2023-12-06T17:37:03Z" name="verifyValidLogin" data-provider="ValidAuthentication" finished-at="2023-12-06T17:37:03Z" duration-ms="394" status="PASS">
          <params>
            <param index="0">
              <value>
                <![CDATA[sunil_koli]]>
              </value>
            </param>
            <param index="1">
              <value>
                <![CDATA[Sunilkoli@123]]>
              </value>
            </param>
          </params>
          <reporter-output>
          </reporter-output>
        </test-method> <!-- verifyValidLogin -->
        <test-method is-config="true" signature="getResult(org.testng.ITestResult)[pri:0, instance:com.Shrava.LoginTest@2df32bf7]" started-at="2023-12-06T17:37:03Z" name="getResult" finished-at="2023-12-06T17:37:03Z" duration-ms="1" status="PASS">
          <params>
            <param index="0">
              <value>
                <![CDATA[[TestResult name=verifyValidLogin status=SUCCESS method=LoginTest.verifyValidLogin(java.lang.String, java.lang.String)[pri:0, instance:com.Shrava.LoginTest@2df32bf7] output={null}]]]>
              </value>
            </param>
          </params>
          <reporter-output>
          </reporter-output>
        </test-method> <!-- getResult -->
        <test-method signature="visibilityMandaraHomePage()[pri:0, instance:com.Shrava.LoginTest@2df32bf7]" started-at="2023-12-06T17:37:03Z" name="visibilityMandaraHomePage" finished-at="2023-12-06T17:37:05Z" duration-ms="1164" status="PASS">
          <reporter-output>
          </reporter-output>
        </test-method> <!-- visibilityMandaraHomePage -->
        <test-method is-config="true" signature="getResult(org.testng.ITestResult)[pri:0, instance:com.Shrava.LoginTest@2df32bf7]" started-at="2023-12-06T17:37:05Z" name="getResult" finished-at="2023-12-06T17:37:05Z" duration-ms="0" status="PASS">
          <params>
            <param index="0">
              <value>
                <![CDATA[[TestResult name=visibilityMandaraHomePage status=SUCCESS method=LoginTest.visibilityMandaraHomePage()[pri:0, instance:com.Shrava.LoginTest@2df32bf7] output={null}]]]>
              </value>
            </param>
          </params>
          <reporter-output>
          </reporter-output>
        </test-method> <!-- getResult -->
        <test-method is-config="true" signature="tearDown(java.lang.String)[pri:0, instance:com.Shrava.LoginTest@2df32bf7]" started-at="2023-12-06T17:37:10Z" name="tearDown" finished-at="2023-12-06T17:37:10Z" duration-ms="451" status="PASS">
          <params>
            <param index="0">
              <value>
                <![CDATA[Shrava]]>
              </value>
            </param>
          </params>
          <reporter-output>
          </reporter-output>
        </test-method> <!-- tearDown -->
      </class> <!-- com.Shrava.LoginTest -->
    </test> <!-- Mandara_Test -->
  </suite> <!-- Shonit -->
</testng-results>
