<?xml version="1.0" encoding="UTF-8"?>
<testng-results total="50" passed="49" failed="1" skipped="0">
  <reporter-output>
  </reporter-output>
  <suite started-at="2023-12-18T11:14:46Z" name="Shonit" finished-at="2023-12-18T11:15:48Z" duration-ms="61344">
    <groups>
    </groups>
    <test started-at="2023-12-18T11:14:46Z" name="Mandara_Test" finished-at="2023-12-18T11:15:48Z" duration-ms="61344">
      <class name="com.Shrava.MandaraHomeTest">
        <test-method signature="checkMadaraHomePage()[pri:0, instance:com.Shrava.MandaraHomeTest@49c43f4e]" started-at="2023-12-18T16:45:27Z" name="checkMadaraHomePage" finished-at="2023-12-18T16:45:27Z" duration-ms="44" status="PASS">
          <reporter-output>
          </reporter-output>
        </test-method> <!-- checkMadaraHomePage -->
        <test-method is-config="true" signature="getResult(org.testng.ITestResult)[pri:0, instance:com.Shrava.MandaraHomeTest@49c43f4e]" started-at="2023-12-18T16:45:27Z" name="getResult" finished-at="2023-12-18T16:45:27Z" duration-ms="1" status="PASS">
          <params>
            <param index="0">
              <value>
                <![CDATA[[TestResult name=checkMadaraHomePage status=SUCCESS method=MandaraHomeTest.checkMadaraHomePage()[pri:0, instance:com.Shrava.MandaraHomeTest@49c43f4e] output={null}]]]>
              </value>
            </param>
          </params>
          <reporter-output>
          </reporter-output>
        </test-method> <!-- getResult -->
        <test-method signature="verifyShonitCarddetails()[pri:0, instance:com.Shrava.MandaraHomeTest@49c43f4e]" started-at="2023-12-18T16:45:27Z" name="verifyShonitCarddetails" finished-at="2023-12-18T16:45:27Z" duration-ms="290" status="PASS">
          <reporter-output>
          </reporter-output>
        </test-method> <!-- verifyShonitCarddetails -->
        <test-method is-config="true" signature="getResult(org.testng.ITestResult)[pri:0, instance:com.Shrava.MandaraHomeTest@49c43f4e]" started-at="2023-12-18T16:45:27Z" name="getResult" finished-at="2023-12-18T16:45:27Z" duration-ms="1" status="PASS">
          <params>
            <param index="0">
              <value>
                <![CDATA[[TestResult name=verifyShonitCarddetails status=SUCCESS method=MandaraHomeTest.verifyShonitCarddetails()[pri:0, instance:com.Shrava.MandaraHomeTest@49c43f4e] output={null}]]]>
              </value>
            </param>
          </params>
          <reporter-output>
          </reporter-output>
        </test-method> <!-- getResult -->
        <test-method signature="checkSigtupleIcon()[pri:0, instance:com.Shrava.MandaraHomeTest@49c43f4e]" started-at="2023-12-18T16:45:27Z" name="checkSigtupleIcon" finished-at="2023-12-18T16:45:27Z" depends-on-methods="com.Shrava.MandaraHomeTest.checkMadaraHomePage" duration-ms="46" status="PASS">
          <reporter-output>
          </reporter-output>
        </test-method> <!-- checkSigtupleIcon -->
        <test-method is-config="true" signature="getResult(org.testng.ITestResult)[pri:0, instance:com.Shrava.MandaraHomeTest@49c43f4e]" started-at="2023-12-18T16:45:27Z" name="getResult" finished-at="2023-12-18T16:45:27Z" duration-ms="1" status="PASS">
          <params>
            <param index="0">
              <value>
                <![CDATA[[TestResult name=checkSigtupleIcon status=SUCCESS method=MandaraHomeTest.checkSigtupleIcon()[pri:0, instance:com.Shrava.MandaraHomeTest@49c43f4e] output={null}]]]>
              </value>
            </param>
          </params>
          <reporter-output>
          </reporter-output>
        </test-method> <!-- getResult -->
        <test-method signature="checkusericon()[pri:0, instance:com.Shrava.MandaraHomeTest@49c43f4e]" started-at="2023-12-18T16:45:27Z" name="checkusericon" finished-at="2023-12-18T16:45:27Z" depends-on-methods="com.Shrava.MandaraHomeTest.checkMadaraHomePage" duration-ms="44" status="PASS">
          <reporter-output>
          </reporter-output>
        </test-method> <!-- checkusericon -->
        <test-method is-config="true" signature="getResult(org.testng.ITestResult)[pri:0, instance:com.Shrava.MandaraHomeTest@49c43f4e]" started-at="2023-12-18T16:45:27Z" name="getResult" finished-at="2023-12-18T16:45:27Z" duration-ms="1" status="PASS">
          <params>
            <param index="0">
              <value>
                <![CDATA[[TestResult name=checkusericon status=SUCCESS method=MandaraHomeTest.checkusericon()[pri:0, instance:com.Shrava.MandaraHomeTest@49c43f4e] output={null}]]]>
              </value>
            </param>
          </params>
          <reporter-output>
          </reporter-output>
        </test-method> <!-- getResult -->
        <test-method signature="numberOfProductsForUser()[pri:0, instance:com.Shrava.MandaraHomeTest@49c43f4e]" started-at="2023-12-18T16:45:27Z" name="numberOfProductsForUser" finished-at="2023-12-18T16:45:27Z" depends-on-methods="com.Shrava.MandaraHomeTest.checkMadaraHomePage" duration-ms="27" status="PASS">
          <reporter-output>
          </reporter-output>
        </test-method> <!-- numberOfProductsForUser -->
        <test-method is-config="true" signature="getResult(org.testng.ITestResult)[pri:0, instance:com.Shrava.MandaraHomeTest@49c43f4e]" started-at="2023-12-18T16:45:27Z" name="getResult" finished-at="2023-12-18T16:45:27Z" duration-ms="0" status="PASS">
          <params>
            <param index="0">
              <value>
                <![CDATA[[TestResult name=numberOfProductsForUser status=SUCCESS method=MandaraHomeTest.numberOfProductsForUser()[pri:0, instance:com.Shrava.MandaraHomeTest@49c43f4e] output={null}]]]>
              </value>
            </param>
          </params>
          <reporter-output>
          </reporter-output>
        </test-method> <!-- getResult -->
        <test-method signature="availabilityOfShravaCard()[pri:0, instance:com.Shrava.MandaraHomeTest@49c43f4e]" started-at="2023-12-18T16:45:27Z" name="availabilityOfShravaCard" finished-at="2023-12-18T16:45:27Z" depends-on-methods="com.Shrava.MandaraHomeTest.checkMadaraHomePage" duration-ms="29" status="PASS">
          <reporter-output>
          </reporter-output>
        </test-method> <!-- availabilityOfShravaCard -->
        <test-method is-config="true" signature="getResult(org.testng.ITestResult)[pri:0, instance:com.Shrava.MandaraHomeTest@49c43f4e]" started-at="2023-12-18T16:45:27Z" name="getResult" finished-at="2023-12-18T16:45:27Z" duration-ms="1" status="PASS">
          <params>
            <param index="0">
              <value>
                <![CDATA[[TestResult name=availabilityOfShravaCard status=SUCCESS method=MandaraHomeTest.availabilityOfShravaCard()[pri:0, instance:com.Shrava.MandaraHomeTest@49c43f4e] output={null}]]]>
              </value>
            </param>
          </params>
          <reporter-output>
          </reporter-output>
        </test-method> <!-- getResult -->
        <test-method signature="verifyOptionFromUserIcon()[pri:0, instance:com.Shrava.MandaraHomeTest@49c43f4e]" started-at="2023-12-18T16:45:27Z" name="verifyOptionFromUserIcon" finished-at="2023-12-18T16:45:32Z" depends-on-methods="com.Shrava.MandaraHomeTest.checkusericon" duration-ms="5149" status="PASS">
          <reporter-output>
          </reporter-output>
        </test-method> <!-- verifyOptionFromUserIcon -->
        <test-method is-config="true" signature="getResult(org.testng.ITestResult)[pri:0, instance:com.Shrava.MandaraHomeTest@49c43f4e]" started-at="2023-12-18T16:45:32Z" name="getResult" finished-at="2023-12-18T16:45:32Z" duration-ms="2" status="PASS">
          <params>
            <param index="0">
              <value>
                <![CDATA[[TestResult name=verifyOptionFromUserIcon status=SUCCESS method=MandaraHomeTest.verifyOptionFromUserIcon()[pri:0, instance:com.Shrava.MandaraHomeTest@49c43f4e] output={null}]]]>
              </value>
            </param>
          </params>
          <reporter-output>
          </reporter-output>
        </test-method> <!-- getResult -->
      </class> <!-- com.Shrava.MandaraHomeTest -->
      <class name="com.Shrava.ListReportTest">
        <test-method is-config="true" signature="initializeTestBaseSetup(java.lang.String, java.lang.String, java.lang.String)[pri:0, instance:com.Shrava.ListReportTest@130f889]" started-at="2023-12-18T16:44:43Z" name="initializeTestBaseSetup" finished-at="2023-12-18T16:44:46Z" duration-ms="3328" status="PASS">
          <params>
            <param index="0">
              <value>
                <![CDATA[chrome]]>
              </value>
            </param>
            <param index="1">
              <value>
                <![CDATA[https://qa.sigtuple.com/login]]>
              </value>
            </param>
            <param index="2">
              <value>
                <![CDATA[Shrava]]>
              </value>
            </param>
          </params>
          <reporter-output>
          </reporter-output>
        </test-method> <!-- initializeTestBaseSetup -->
        <test-method is-config="true" signature="setUp()[pri:0, instance:com.Shrava.MandaraHomeTest@49c43f4e]" started-at="2023-12-18T16:44:46Z" name="setUp" finished-at="2023-12-18T16:44:46Z" depends-on-methods="com.utilities.BrowserSetUp.initializeTestBaseSetup" duration-ms="78" status="PASS">
          <reporter-output>
          </reporter-output>
        </test-method> <!-- setUp -->
        <test-method is-config="true" signature="setUp()[pri:0, instance:com.Shrava.LoginTest@799d4f69]" started-at="2023-12-18T16:44:46Z" name="setUp" finished-at="2023-12-18T16:44:46Z" depends-on-methods="com.Shrava.MandaraHomeTest.setUp, com.utilities.BrowserSetUp.initializeTestBaseSetup" duration-ms="123" status="PASS">
          <reporter-output>
          </reporter-output>
        </test-method> <!-- setUp -->
        <test-method is-config="true" signature="setUp()[pri:0, instance:com.Shrava.ListReportTest@130f889]" started-at="2023-12-18T16:44:46Z" name="setUp" finished-at="2023-12-18T16:44:46Z" depends-on-methods="com.Shrava.LoginTest.setUp, com.Shrava.MandaraHomeTest.setUp, com.utilities.BrowserSetUp.initializeTestBaseSetup" duration-ms="20" status="PASS">
          <reporter-output>
          </reporter-output>
        </test-method> <!-- setUp -->
        <test-method signature="clickonListReportTest(java.lang.String)[pri:0, instance:com.Shrava.ListReportTest@130f889]" started-at="2023-12-18T16:45:32Z" name="clickonListReportTest" finished-at="2023-12-18T16:45:33Z" duration-ms="385" status="PASS">
          <params>
            <param index="0">
              <value>
                <![CDATA[Shrava]]>
              </value>
            </param>
          </params>
          <reporter-output>
          </reporter-output>
        </test-method> <!-- clickonListReportTest -->
        <test-method is-config="true" signature="getResult(org.testng.ITestResult)[pri:0, instance:com.Shrava.ListReportTest@130f889]" started-at="2023-12-18T16:45:33Z" name="getResult" finished-at="2023-12-18T16:45:33Z" duration-ms="0" status="PASS">
          <params>
            <param index="0">
              <value>
                <![CDATA[[TestResult name=clickonListReportTest status=SUCCESS method=ListReportTest.clickonListReportTest(java.lang.String)[pri:0, instance:com.Shrava.ListReportTest@130f889] output={null}]]]>
              </value>
            </param>
          </params>
          <reporter-output>
          </reporter-output>
        </test-method> <!-- getResult -->
        <test-method signature="visibilityOfVersionCard()[pri:0, instance:com.Shrava.ListReportTest@130f889]" started-at="2023-12-18T16:45:33Z" name="visibilityOfVersionCard" finished-at="2023-12-18T16:45:33Z" duration-ms="120" status="PASS">
          <reporter-output>
          </reporter-output>
        </test-method> <!-- visibilityOfVersionCard -->
        <test-method is-config="true" signature="getResult(org.testng.ITestResult)[pri:0, instance:com.Shrava.ListReportTest@130f889]" started-at="2023-12-18T16:45:33Z" name="getResult" finished-at="2023-12-18T16:45:33Z" duration-ms="0" status="PASS">
          <params>
            <param index="0">
              <value>
                <![CDATA[[TestResult name=visibilityOfVersionCard status=SUCCESS method=ListReportTest.visibilityOfVersionCard()[pri:0, instance:com.Shrava.ListReportTest@130f889] output={null}]]]>
              </value>
            </param>
          </params>
          <reporter-output>
          </reporter-output>
        </test-method> <!-- getResult -->
        <test-method signature="visibilityOfPlateformVersion()[pri:0, instance:com.Shrava.ListReportTest@130f889]" started-at="2023-12-18T16:45:33Z" name="visibilityOfPlateformVersion" finished-at="2023-12-18T16:45:33Z" duration-ms="48" status="PASS">
          <reporter-output>
          </reporter-output>
        </test-method> <!-- visibilityOfPlateformVersion -->
        <test-method is-config="true" signature="getResult(org.testng.ITestResult)[pri:0, instance:com.Shrava.ListReportTest@130f889]" started-at="2023-12-18T16:45:33Z" name="getResult" finished-at="2023-12-18T16:45:33Z" duration-ms="1" status="PASS">
          <params>
            <param index="0">
              <value>
                <![CDATA[[TestResult name=visibilityOfPlateformVersion status=SUCCESS method=ListReportTest.visibilityOfPlateformVersion()[pri:0, instance:com.Shrava.ListReportTest@130f889] output={null}]]]>
              </value>
            </param>
          </params>
          <reporter-output>
          </reporter-output>
        </test-method> <!-- getResult -->
        <test-method signature="visibilityOfProductName()[pri:0, instance:com.Shrava.ListReportTest@130f889]" started-at="2023-12-18T16:45:33Z" name="visibilityOfProductName" finished-at="2023-12-18T16:45:35Z" duration-ms="2532" status="PASS">
          <reporter-output>
          </reporter-output>
        </test-method> <!-- visibilityOfProductName -->
        <test-method signature="visibilityOfSoftwareVersion()[pri:0, instance:com.Shrava.ListReportTest@130f889]" started-at="2023-12-18T16:45:35Z" name="visibilityOfSoftwareVersion" finished-at="2023-12-18T16:45:35Z" duration-ms="30" status="PASS">
          <reporter-output>
          </reporter-output>
        </test-method> <!-- visibilityOfSoftwareVersion -->
        <test-method is-config="true" signature="getResult(org.testng.ITestResult)[pri:0, instance:com.Shrava.ListReportTest@130f889]" started-at="2023-12-18T16:45:35Z" name="getResult" finished-at="2023-12-18T16:45:35Z" duration-ms="0" status="PASS">
          <params>
            <param index="0">
              <value>
                <![CDATA[[TestResult name=visibilityOfProductName status=SUCCESS method=ListReportTest.visibilityOfProductName()[pri:0, instance:com.Shrava.ListReportTest@130f889] output={null}]]]>
              </value>
            </param>
          </params>
          <reporter-output>
          </reporter-output>
        </test-method> <!-- getResult -->
        <test-method is-config="true" signature="getResult(org.testng.ITestResult)[pri:0, instance:com.Shrava.ListReportTest@130f889]" started-at="2023-12-18T16:45:35Z" name="getResult" finished-at="2023-12-18T16:45:35Z" duration-ms="0" status="PASS">
          <params>
            <param index="0">
              <value>
                <![CDATA[[TestResult name=visibilityOfSoftwareVersion status=SUCCESS method=ListReportTest.visibilityOfSoftwareVersion()[pri:0, instance:com.Shrava.ListReportTest@130f889] output={null}]]]>
              </value>
            </param>
          </params>
          <reporter-output>
          </reporter-output>
        </test-method> <!-- getResult -->
        <test-method signature="closeproductVersionCard()[pri:0, instance:com.Shrava.ListReportTest@130f889]" started-at="2023-12-18T16:45:35Z" name="closeproductVersionCard" finished-at="2023-12-18T16:45:35Z" duration-ms="99" status="PASS">
          <reporter-output>
          </reporter-output>
        </test-method> <!-- closeproductVersionCard -->
        <test-method is-config="true" signature="getResult(org.testng.ITestResult)[pri:0, instance:com.Shrava.ListReportTest@130f889]" started-at="2023-12-18T16:45:35Z" name="getResult" finished-at="2023-12-18T16:45:35Z" duration-ms="1" status="PASS">
          <params>
            <param index="0">
              <value>
                <![CDATA[[TestResult name=closeproductVersionCard status=SUCCESS method=ListReportTest.closeproductVersionCard()[pri:0, instance:com.Shrava.ListReportTest@130f889] output={null}]]]>
              </value>
            </param>
          </params>
          <reporter-output>
          </reporter-output>
        </test-method> <!-- getResult -->
        <test-method signature="verifyListReportpage()[pri:0, instance:com.Shrava.ListReportTest@130f889]" started-at="2023-12-18T16:45:35Z" name="verifyListReportpage" finished-at="2023-12-18T16:45:36Z" duration-ms="245" status="PASS">
          <reporter-output>
          </reporter-output>
        </test-method> <!-- verifyListReportpage -->
        <test-method is-config="true" signature="getResult(org.testng.ITestResult)[pri:0, instance:com.Shrava.ListReportTest@130f889]" started-at="2023-12-18T16:45:36Z" name="getResult" finished-at="2023-12-18T16:45:36Z" duration-ms="1" status="PASS">
          <params>
            <param index="0">
              <value>
                <![CDATA[[TestResult name=verifyListReportpage status=SUCCESS method=ListReportTest.verifyListReportpage()[pri:0, instance:com.Shrava.ListReportTest@130f889] output={null}]]]>
              </value>
            </param>
          </params>
          <reporter-output>
          </reporter-output>
        </test-method> <!-- getResult -->
        <test-method signature="visibilityOfHelpIcon()[pri:0, instance:com.Shrava.ListReportTest@130f889]" started-at="2023-12-18T16:45:36Z" name="visibilityOfHelpIcon" finished-at="2023-12-18T16:45:36Z" duration-ms="260" status="PASS">
          <reporter-output>
          </reporter-output>
        </test-method> <!-- visibilityOfHelpIcon -->
        <test-method is-config="true" signature="getResult(org.testng.ITestResult)[pri:0, instance:com.Shrava.ListReportTest@130f889]" started-at="2023-12-18T16:45:36Z" name="getResult" finished-at="2023-12-18T16:45:36Z" duration-ms="1" status="PASS">
          <params>
            <param index="0">
              <value>
                <![CDATA[[TestResult name=visibilityOfHelpIcon status=SUCCESS method=ListReportTest.visibilityOfHelpIcon()[pri:0, instance:com.Shrava.ListReportTest@130f889] output={null}]]]>
              </value>
            </param>
          </params>
          <reporter-output>
          </reporter-output>
        </test-method> <!-- getResult -->
        <test-method signature="VerifyClickOnNotificationIcon()[pri:0, instance:com.Shrava.ListReportTest@130f889]" started-at="2023-12-18T16:45:36Z" name="VerifyClickOnNotificationIcon" finished-at="2023-12-18T16:45:36Z" duration-ms="21" status="PASS">
          <reporter-output>
          </reporter-output>
        </test-method> <!-- VerifyClickOnNotificationIcon -->
        <test-method is-config="true" signature="getResult(org.testng.ITestResult)[pri:0, instance:com.Shrava.ListReportTest@130f889]" started-at="2023-12-18T16:45:36Z" name="getResult" finished-at="2023-12-18T16:45:36Z" duration-ms="1" status="PASS">
          <params>
            <param index="0">
              <value>
                <![CDATA[[TestResult name=VerifyClickOnNotificationIcon status=SUCCESS method=ListReportTest.VerifyClickOnNotificationIcon()[pri:0, instance:com.Shrava.ListReportTest@130f889] output={null}]]]>
              </value>
            </param>
          </params>
          <reporter-output>
          </reporter-output>
        </test-method> <!-- getResult -->
        <test-method signature="verifymodulname(java.lang.String)[pri:0, instance:com.Shrava.ListReportTest@130f889]" started-at="2023-12-18T16:45:36Z" name="verifymodulname" finished-at="2023-12-18T16:45:36Z" duration-ms="53" status="PASS">
          <params>
            <param index="0">
              <value>
                <![CDATA[Shrava]]>
              </value>
            </param>
          </params>
          <reporter-output>
          </reporter-output>
        </test-method> <!-- verifymodulname -->
        <test-method is-config="true" signature="getResult(org.testng.ITestResult)[pri:0, instance:com.Shrava.ListReportTest@130f889]" started-at="2023-12-18T16:45:36Z" name="getResult" finished-at="2023-12-18T16:45:36Z" duration-ms="0" status="PASS">
          <params>
            <param index="0">
              <value>
                <![CDATA[[TestResult name=verifymodulname status=SUCCESS method=ListReportTest.verifymodulname(java.lang.String)[pri:0, instance:com.Shrava.ListReportTest@130f889] output={null}]]]>
              </value>
            </param>
          </params>
          <reporter-output>
          </reporter-output>
        </test-method> <!-- getResult -->
        <test-method signature="verifyNotpadIcon()[pri:0, instance:com.Shrava.ListReportTest@130f889]" started-at="2023-12-18T16:45:36Z" name="verifyNotpadIcon" finished-at="2023-12-18T16:45:36Z" duration-ms="246" status="PASS">
          <reporter-output>
          </reporter-output>
        </test-method> <!-- verifyNotpadIcon -->
        <test-method is-config="true" signature="getResult(org.testng.ITestResult)[pri:0, instance:com.Shrava.ListReportTest@130f889]" started-at="2023-12-18T16:45:36Z" name="getResult" finished-at="2023-12-18T16:45:36Z" duration-ms="0" status="PASS">
          <params>
            <param index="0">
              <value>
                <![CDATA[[TestResult name=verifyNotpadIcon status=SUCCESS method=ListReportTest.verifyNotpadIcon()[pri:0, instance:com.Shrava.ListReportTest@130f889] output={null}]]]>
              </value>
            </param>
          </params>
          <reporter-output>
          </reporter-output>
        </test-method> <!-- getResult -->
        <test-method signature="verifyfilterIcon()[pri:0, instance:com.Shrava.ListReportTest@130f889]" started-at="2023-12-18T16:45:36Z" name="verifyfilterIcon" finished-at="2023-12-18T16:45:36Z" duration-ms="28" status="PASS">
          <reporter-output>
          </reporter-output>
        </test-method> <!-- verifyfilterIcon -->
        <test-method is-config="true" signature="getResult(org.testng.ITestResult)[pri:0, instance:com.Shrava.ListReportTest@130f889]" started-at="2023-12-18T16:45:36Z" name="getResult" finished-at="2023-12-18T16:45:36Z" duration-ms="0" status="PASS">
          <params>
            <param index="0">
              <value>
                <![CDATA[[TestResult name=verifyfilterIcon status=SUCCESS method=ListReportTest.verifyfilterIcon()[pri:0, instance:com.Shrava.ListReportTest@130f889] output={null}]]]>
              </value>
            </param>
          </params>
          <reporter-output>
          </reporter-output>
        </test-method> <!-- getResult -->
        <test-method signature="verifyrefreshicon()[pri:0, instance:com.Shrava.ListReportTest@130f889]" started-at="2023-12-18T16:45:36Z" name="verifyrefreshicon" finished-at="2023-12-18T16:45:36Z" duration-ms="62" status="PASS">
          <reporter-output>
          </reporter-output>
        </test-method> <!-- verifyrefreshicon -->
        <test-method is-config="true" signature="getResult(org.testng.ITestResult)[pri:0, instance:com.Shrava.ListReportTest@130f889]" started-at="2023-12-18T16:45:36Z" name="getResult" finished-at="2023-12-18T16:45:36Z" duration-ms="0" status="PASS">
          <params>
            <param index="0">
              <value>
                <![CDATA[[TestResult name=verifyrefreshicon status=SUCCESS method=ListReportTest.verifyrefreshicon()[pri:0, instance:com.Shrava.ListReportTest@130f889] output={null}]]]>
              </value>
            </param>
          </params>
          <reporter-output>
          </reporter-output>
        </test-method> <!-- getResult -->
        <test-method signature="verifyOptionFromUserIconOnShonitReportPage()[pri:0, instance:com.Shrava.ListReportTest@130f889]" started-at="2023-12-18T16:45:36Z" name="verifyOptionFromUserIconOnShonitReportPage" finished-at="2023-12-18T16:45:42Z" duration-ms="5532" status="PASS">
          <reporter-output>
          </reporter-output>
        </test-method> <!-- verifyOptionFromUserIconOnShonitReportPage -->
        <test-method is-config="true" signature="getResult(org.testng.ITestResult)[pri:0, instance:com.Shrava.ListReportTest@130f889]" started-at="2023-12-18T16:45:42Z" name="getResult" finished-at="2023-12-18T16:45:42Z" duration-ms="1" status="PASS">
          <params>
            <param index="0">
              <value>
                <![CDATA[[TestResult name=verifyOptionFromUserIconOnShonitReportPage status=SUCCESS method=ListReportTest.verifyOptionFromUserIconOnShonitReportPage()[pri:0, instance:com.Shrava.ListReportTest@130f889] output={null}]]]>
              </value>
            </param>
          </params>
          <reporter-output>
          </reporter-output>
        </test-method> <!-- getResult -->
        <test-method signature="verifytableheader(java.lang.String)[pri:0, instance:com.Shrava.ListReportTest@130f889]" started-at="2023-12-18T16:45:42Z" name="verifytableheader" finished-at="2023-12-18T16:45:42Z" duration-ms="171" status="PASS">
          <params>
            <param index="0">
              <value>
                <![CDATA[Shrava]]>
              </value>
            </param>
          </params>
          <reporter-output>
          </reporter-output>
        </test-method> <!-- verifytableheader -->
        <test-method is-config="true" signature="getResult(org.testng.ITestResult)[pri:0, instance:com.Shrava.ListReportTest@130f889]" started-at="2023-12-18T16:45:42Z" name="getResult" finished-at="2023-12-18T16:45:42Z" duration-ms="0" status="PASS">
          <params>
            <param index="0">
              <value>
                <![CDATA[[TestResult name=verifytableheader status=SUCCESS method=ListReportTest.verifytableheader(java.lang.String)[pri:0, instance:com.Shrava.ListReportTest@130f889] output={null}]]]>
              </value>
            </param>
          </params>
          <reporter-output>
          </reporter-output>
        </test-method> <!-- getResult -->
        <test-method signature="termsNCondTestOnShonitReportPage()[pri:0, instance:com.Shrava.ListReportTest@130f889]" started-at="2023-12-18T16:45:42Z" name="termsNCondTestOnShonitReportPage" finished-at="2023-12-18T16:45:43Z" duration-ms="709" status="PASS">
          <reporter-output>
          </reporter-output>
        </test-method> <!-- termsNCondTestOnShonitReportPage -->
        <test-method is-config="true" signature="getResult(org.testng.ITestResult)[pri:0, instance:com.Shrava.ListReportTest@130f889]" started-at="2023-12-18T16:45:43Z" name="getResult" finished-at="2023-12-18T16:45:43Z" duration-ms="0" status="PASS">
          <params>
            <param index="0">
              <value>
                <![CDATA[[TestResult name=termsNCondTestOnShonitReportPage status=SUCCESS method=ListReportTest.termsNCondTestOnShonitReportPage()[pri:0, instance:com.Shrava.ListReportTest@130f889] output={null}]]]>
              </value>
            </param>
          </params>
          <reporter-output>
          </reporter-output>
        </test-method> <!-- getResult -->
        <test-method signature="checkpaginationeditbox()[pri:0, instance:com.Shrava.ListReportTest@130f889]" started-at="2023-12-18T16:45:43Z" name="checkpaginationeditbox" finished-at="2023-12-18T16:45:43Z" duration-ms="313" status="PASS">
          <reporter-output>
          </reporter-output>
        </test-method> <!-- checkpaginationeditbox -->
        <test-method is-config="true" signature="getResult(org.testng.ITestResult)[pri:0, instance:com.Shrava.ListReportTest@130f889]" started-at="2023-12-18T16:45:43Z" name="getResult" finished-at="2023-12-18T16:45:43Z" duration-ms="1" status="PASS">
          <params>
            <param index="0">
              <value>
                <![CDATA[[TestResult name=checkpaginationeditbox status=SUCCESS method=ListReportTest.checkpaginationeditbox()[pri:0, instance:com.Shrava.ListReportTest@130f889] output={null}]]]>
              </value>
            </param>
          </params>
          <reporter-output>
          </reporter-output>
        </test-method> <!-- getResult -->
        <test-method signature="checkpaginationchevronicons()[pri:0, instance:com.Shrava.ListReportTest@130f889]" started-at="2023-12-18T16:45:43Z" name="checkpaginationchevronicons" finished-at="2023-12-18T16:45:43Z" duration-ms="37" status="PASS">
          <reporter-output>
          </reporter-output>
        </test-method> <!-- checkpaginationchevronicons -->
        <test-method is-config="true" signature="getResult(org.testng.ITestResult)[pri:0, instance:com.Shrava.ListReportTest@130f889]" started-at="2023-12-18T16:45:43Z" name="getResult" finished-at="2023-12-18T16:45:43Z" duration-ms="0" status="PASS">
          <params>
            <param index="0">
              <value>
                <![CDATA[[TestResult name=checkpaginationchevronicons status=SUCCESS method=ListReportTest.checkpaginationchevronicons()[pri:0, instance:com.Shrava.ListReportTest@130f889] output={null}]]]>
              </value>
            </param>
          </params>
          <reporter-output>
          </reporter-output>
        </test-method> <!-- getResult -->
        <test-method signature="checkpaginationposition()[pri:0, instance:com.Shrava.ListReportTest@130f889]" started-at="2023-12-18T16:45:43Z" name="checkpaginationposition" finished-at="2023-12-18T16:45:43Z" duration-ms="25" status="PASS">
          <reporter-output>
          </reporter-output>
        </test-method> <!-- checkpaginationposition -->
        <test-method is-config="true" signature="getResult(org.testng.ITestResult)[pri:0, instance:com.Shrava.ListReportTest@130f889]" started-at="2023-12-18T16:45:43Z" name="getResult" finished-at="2023-12-18T16:45:43Z" duration-ms="0" status="PASS">
          <params>
            <param index="0">
              <value>
                <![CDATA[[TestResult name=checkpaginationposition status=SUCCESS method=ListReportTest.checkpaginationposition()[pri:0, instance:com.Shrava.ListReportTest@130f889] output={null}]]]>
              </value>
            </param>
          </params>
          <reporter-output>
          </reporter-output>
        </test-method> <!-- getResult -->
        <test-method signature="verifySearchEnterText(java.lang.String)[pri:0, instance:com.Shrava.ListReportTest@130f889]" started-at="2023-12-18T16:45:43Z" name="verifySearchEnterText" finished-at="2023-12-18T16:45:48Z" duration-ms="4633" status="PASS">
          <params>
            <param index="0">
              <value>
                <![CDATA[Shrava]]>
              </value>
            </param>
          </params>
          <reporter-output>
          </reporter-output>
        </test-method> <!-- verifySearchEnterText -->
        <test-method is-config="true" signature="getResult(org.testng.ITestResult)[pri:0, instance:com.Shrava.ListReportTest@130f889]" started-at="2023-12-18T16:45:48Z" name="getResult" finished-at="2023-12-18T16:45:48Z" duration-ms="0" status="PASS">
          <params>
            <param index="0">
              <value>
                <![CDATA[[TestResult name=verifySearchEnterText status=SUCCESS method=ListReportTest.verifySearchEnterText(java.lang.String)[pri:0, instance:com.Shrava.ListReportTest@130f889] output={null}]]]>
              </value>
            </param>
          </params>
          <reporter-output>
          </reporter-output>
        </test-method> <!-- getResult -->
        <test-method is-config="true" signature="tearDown(java.lang.String)[pri:0, instance:com.Shrava.ListReportTest@130f889]" started-at="2023-12-18T16:45:48Z" name="tearDown" finished-at="2023-12-18T16:45:49Z" duration-ms="712" status="PASS">
          <params>
            <param index="0">
              <value>
                <![CDATA[Shrava]]>
              </value>
            </param>
          </params>
          <reporter-output>
          </reporter-output>
        </test-method> <!-- tearDown -->
      </class> <!-- com.Shrava.ListReportTest -->
      <class name="com.Shrava.LoginTest">
        <test-method signature="verifySigTupleTittle(java.lang.String)[pri:0, instance:com.Shrava.LoginTest@799d4f69]" started-at="2023-12-18T16:44:46Z" name="verifySigTupleTittle" finished-at="2023-12-18T16:45:16Z" duration-ms="29174" status="PASS">
          <params>
            <param index="0">
              <value>
                <![CDATA[https://qa.sigtuple.com/login]]>
              </value>
            </param>
          </params>
          <reporter-output>
          </reporter-output>
        </test-method> <!-- verifySigTupleTittle -->
        <test-method is-config="true" signature="getResult(org.testng.ITestResult)[pri:0, instance:com.Shrava.LoginTest@799d4f69]" started-at="2023-12-18T16:45:16Z" name="getResult" finished-at="2023-12-18T16:45:16Z" duration-ms="9" status="PASS">
          <params>
            <param index="0">
              <value>
                <![CDATA[[TestResult name=verifySigTupleTittle status=SUCCESS method=LoginTest.verifySigTupleTittle(java.lang.String)[pri:0, instance:com.Shrava.LoginTest@799d4f69] output={null}]]]>
              </value>
            </param>
          </params>
          <reporter-output>
          </reporter-output>
        </test-method> <!-- getResult -->
        <test-method signature="verifyMandaraAppLoad()[pri:0, instance:com.Shrava.LoginTest@799d4f69]" started-at="2023-12-18T16:45:16Z" name="verifyMandaraAppLoad" finished-at="2023-12-18T16:45:16Z" duration-ms="32" status="PASS">
          <reporter-output>
          </reporter-output>
        </test-method> <!-- verifyMandaraAppLoad -->
        <test-method signature="visibilityOfSigtupleLogo()[pri:0, instance:com.Shrava.LoginTest@799d4f69]" started-at="2023-12-18T16:45:16Z" name="visibilityOfSigtupleLogo" finished-at="2023-12-18T16:45:16Z" duration-ms="43" status="PASS">
          <reporter-output>
          </reporter-output>
        </test-method> <!-- visibilityOfSigtupleLogo -->
        <test-method is-config="true" signature="getResult(org.testng.ITestResult)[pri:0, instance:com.Shrava.LoginTest@799d4f69]" started-at="2023-12-18T16:45:16Z" name="getResult" finished-at="2023-12-18T16:45:16Z" duration-ms="0" status="PASS">
          <params>
            <param index="0">
              <value>
                <![CDATA[[TestResult name=verifyMandaraAppLoad status=SUCCESS method=LoginTest.verifyMandaraAppLoad()[pri:0, instance:com.Shrava.LoginTest@799d4f69] output={null}]]]>
              </value>
            </param>
          </params>
          <reporter-output>
          </reporter-output>
        </test-method> <!-- getResult -->
        <test-method is-config="true" signature="getResult(org.testng.ITestResult)[pri:0, instance:com.Shrava.LoginTest@799d4f69]" started-at="2023-12-18T16:45:16Z" name="getResult" finished-at="2023-12-18T16:45:16Z" duration-ms="0" status="PASS">
          <params>
            <param index="0">
              <value>
                <![CDATA[[TestResult name=visibilityOfSigtupleLogo status=SUCCESS method=LoginTest.visibilityOfSigtupleLogo()[pri:0, instance:com.Shrava.LoginTest@799d4f69] output={null}]]]>
              </value>
            </param>
          </params>
          <reporter-output>
          </reporter-output>
        </test-method> <!-- getResult -->
        <test-method signature="visibilityOfLoginContainer()[pri:0, instance:com.Shrava.LoginTest@799d4f69]" started-at="2023-12-18T16:45:16Z" name="visibilityOfLoginContainer" finished-at="2023-12-18T16:45:16Z" duration-ms="29" status="PASS">
          <reporter-output>
          </reporter-output>
        </test-method> <!-- visibilityOfLoginContainer -->
        <test-method is-config="true" signature="getResult(org.testng.ITestResult)[pri:0, instance:com.Shrava.LoginTest@799d4f69]" started-at="2023-12-18T16:45:16Z" name="getResult" finished-at="2023-12-18T16:45:16Z" duration-ms="1" status="PASS">
          <params>
            <param index="0">
              <value>
                <![CDATA[[TestResult name=visibilityOfLoginContainer status=SUCCESS method=LoginTest.visibilityOfLoginContainer()[pri:0, instance:com.Shrava.LoginTest@799d4f69] output={null}]]]>
              </value>
            </param>
          </params>
          <reporter-output>
          </reporter-output>
        </test-method> <!-- getResult -->
        <test-method signature="visibilityOfUserNameField()[pri:0, instance:com.Shrava.LoginTest@799d4f69]" started-at="2023-12-18T16:45:16Z" name="visibilityOfUserNameField" finished-at="2023-12-18T16:45:16Z" duration-ms="36" status="PASS">
          <reporter-output>
          </reporter-output>
        </test-method> <!-- visibilityOfUserNameField -->
        <test-method is-config="true" signature="getResult(org.testng.ITestResult)[pri:0, instance:com.Shrava.LoginTest@799d4f69]" started-at="2023-12-18T16:45:16Z" name="getResult" finished-at="2023-12-18T16:45:16Z" duration-ms="0" status="PASS">
          <params>
            <param index="0">
              <value>
                <![CDATA[[TestResult name=visibilityOfUserNameField status=SUCCESS method=LoginTest.visibilityOfUserNameField()[pri:0, instance:com.Shrava.LoginTest@799d4f69] output={null}]]]>
              </value>
            </param>
          </params>
          <reporter-output>
          </reporter-output>
        </test-method> <!-- getResult -->
        <test-method signature="visibilityOfPassNameField()[pri:0, instance:com.Shrava.LoginTest@799d4f69]" started-at="2023-12-18T16:45:16Z" name="visibilityOfPassNameField" finished-at="2023-12-18T16:45:16Z" duration-ms="32" status="PASS">
          <reporter-output>
          </reporter-output>
        </test-method> <!-- visibilityOfPassNameField -->
        <test-method is-config="true" signature="getResult(org.testng.ITestResult)[pri:0, instance:com.Shrava.LoginTest@799d4f69]" started-at="2023-12-18T16:45:16Z" name="getResult" finished-at="2023-12-18T16:45:16Z" duration-ms="1" status="PASS">
          <params>
            <param index="0">
              <value>
                <![CDATA[[TestResult name=visibilityOfPassNameField status=SUCCESS method=LoginTest.visibilityOfPassNameField()[pri:0, instance:com.Shrava.LoginTest@799d4f69] output={null}]]]>
              </value>
            </param>
          </params>
          <reporter-output>
          </reporter-output>
        </test-method> <!-- getResult -->
        <test-method signature="visibilityOfLoginButton()[pri:0, instance:com.Shrava.LoginTest@799d4f69]" started-at="2023-12-18T16:45:16Z" name="visibilityOfLoginButton" finished-at="2023-12-18T16:45:16Z" duration-ms="51" status="PASS">
          <reporter-output>
          </reporter-output>
        </test-method> <!-- visibilityOfLoginButton -->
        <test-method is-config="true" signature="getResult(org.testng.ITestResult)[pri:0, instance:com.Shrava.LoginTest@799d4f69]" started-at="2023-12-18T16:45:16Z" name="getResult" finished-at="2023-12-18T16:45:16Z" duration-ms="1" status="PASS">
          <params>
            <param index="0">
              <value>
                <![CDATA[[TestResult name=visibilityOfLoginButton status=SUCCESS method=LoginTest.visibilityOfLoginButton()[pri:0, instance:com.Shrava.LoginTest@799d4f69] output={null}]]]>
              </value>
            </param>
          </params>
          <reporter-output>
          </reporter-output>
        </test-method> <!-- getResult -->
        <test-method signature="enabilityOfLoginButton()[pri:0, instance:com.Shrava.LoginTest@799d4f69]" started-at="2023-12-18T16:45:16Z" name="enabilityOfLoginButton" finished-at="2023-12-18T16:45:16Z" duration-ms="24" status="PASS">
          <reporter-output>
          </reporter-output>
        </test-method> <!-- enabilityOfLoginButton -->
        <test-method is-config="true" signature="getResult(org.testng.ITestResult)[pri:0, instance:com.Shrava.LoginTest@799d4f69]" started-at="2023-12-18T16:45:16Z" name="getResult" finished-at="2023-12-18T16:45:16Z" duration-ms="1" status="PASS">
          <params>
            <param index="0">
              <value>
                <![CDATA[[TestResult name=enabilityOfLoginButton status=SUCCESS method=LoginTest.enabilityOfLoginButton()[pri:0, instance:com.Shrava.LoginTest@799d4f69] output={null}]]]>
              </value>
            </param>
          </params>
          <reporter-output>
          </reporter-output>
        </test-method> <!-- getResult -->
        <test-method signature="verifyUserNameAlerttest()[pri:0, instance:com.Shrava.LoginTest@799d4f69]" started-at="2023-12-18T16:45:16Z" name="verifyUserNameAlerttest" finished-at="2023-12-18T16:45:17Z" duration-ms="684" status="PASS">
          <reporter-output>
          </reporter-output>
        </test-method> <!-- verifyUserNameAlerttest -->
        <test-method is-config="true" signature="getResult(org.testng.ITestResult)[pri:0, instance:com.Shrava.LoginTest@799d4f69]" started-at="2023-12-18T16:45:17Z" name="getResult" finished-at="2023-12-18T16:45:17Z" duration-ms="0" status="PASS">
          <params>
            <param index="0">
              <value>
                <![CDATA[[TestResult name=verifyUserNameAlerttest status=SUCCESS method=LoginTest.verifyUserNameAlerttest()[pri:0, instance:com.Shrava.LoginTest@799d4f69] output={null}]]]>
              </value>
            </param>
          </params>
          <reporter-output>
          </reporter-output>
        </test-method> <!-- getResult -->
        <test-method signature="verifyPasswordAlerttest()[pri:0, instance:com.Shrava.LoginTest@799d4f69]" started-at="2023-12-18T16:45:17Z" name="verifyPasswordAlerttest" finished-at="2023-12-18T16:45:17Z" duration-ms="661" status="PASS">
          <reporter-output>
          </reporter-output>
        </test-method> <!-- verifyPasswordAlerttest -->
        <test-method is-config="true" signature="getResult(org.testng.ITestResult)[pri:0, instance:com.Shrava.LoginTest@799d4f69]" started-at="2023-12-18T16:45:17Z" name="getResult" finished-at="2023-12-18T16:45:17Z" duration-ms="1" status="PASS">
          <params>
            <param index="0">
              <value>
                <![CDATA[[TestResult name=verifyPasswordAlerttest status=SUCCESS method=LoginTest.verifyPasswordAlerttest()[pri:0, instance:com.Shrava.LoginTest@799d4f69] output={null}]]]>
              </value>
            </param>
          </params>
          <reporter-output>
          </reporter-output>
        </test-method> <!-- getResult -->
        <test-method signature="visibilityOfForgotPasswordButton()[pri:0, instance:com.Shrava.LoginTest@799d4f69]" started-at="2023-12-18T16:45:17Z" name="visibilityOfForgotPasswordButton" finished-at="2023-12-18T16:45:17Z" duration-ms="31" status="PASS">
          <reporter-output>
          </reporter-output>
        </test-method> <!-- visibilityOfForgotPasswordButton -->
        <test-method is-config="true" signature="getResult(org.testng.ITestResult)[pri:0, instance:com.Shrava.LoginTest@799d4f69]" started-at="2023-12-18T16:45:17Z" name="getResult" finished-at="2023-12-18T16:45:17Z" duration-ms="0" status="PASS">
          <params>
            <param index="0">
              <value>
                <![CDATA[[TestResult name=visibilityOfForgotPasswordButton status=SUCCESS method=LoginTest.visibilityOfForgotPasswordButton()[pri:0, instance:com.Shrava.LoginTest@799d4f69] output={null}]]]>
              </value>
            </param>
          </params>
          <reporter-output>
          </reporter-output>
        </test-method> <!-- getResult -->
        <test-method signature="clickOnForgotPasswordButton()[pri:0, instance:com.Shrava.LoginTest@799d4f69]" started-at="2023-12-18T16:45:17Z" name="clickOnForgotPasswordButton" finished-at="2023-12-18T16:45:17Z" duration-ms="65" status="PASS">
          <reporter-output>
          </reporter-output>
        </test-method> <!-- clickOnForgotPasswordButton -->
        <test-method is-config="true" signature="getResult(org.testng.ITestResult)[pri:0, instance:com.Shrava.LoginTest@799d4f69]" started-at="2023-12-18T16:45:17Z" name="getResult" finished-at="2023-12-18T16:45:17Z" duration-ms="1" status="PASS">
          <params>
            <param index="0">
              <value>
                <![CDATA[[TestResult name=clickOnForgotPasswordButton status=SUCCESS method=LoginTest.clickOnForgotPasswordButton()[pri:0, instance:com.Shrava.LoginTest@799d4f69] output={null}]]]>
              </value>
            </param>
          </params>
          <reporter-output>
          </reporter-output>
        </test-method> <!-- getResult -->
        <test-method signature="verifyForgotPasswordPageLoaded()[pri:0, instance:com.Shrava.LoginTest@799d4f69]" started-at="2023-12-18T16:45:17Z" name="verifyForgotPasswordPageLoaded" finished-at="2023-12-18T16:45:17Z" duration-ms="30" status="PASS">
          <reporter-output>
          </reporter-output>
        </test-method> <!-- verifyForgotPasswordPageLoaded -->
        <test-method is-config="true" signature="getResult(org.testng.ITestResult)[pri:0, instance:com.Shrava.LoginTest@799d4f69]" started-at="2023-12-18T16:45:17Z" name="getResult" finished-at="2023-12-18T16:45:17Z" duration-ms="1" status="PASS">
          <params>
            <param index="0">
              <value>
                <![CDATA[[TestResult name=verifyForgotPasswordPageLoaded status=SUCCESS method=LoginTest.verifyForgotPasswordPageLoaded()[pri:0, instance:com.Shrava.LoginTest@799d4f69] output={null}]]]>
              </value>
            </param>
          </params>
          <reporter-output>
          </reporter-output>
        </test-method> <!-- getResult -->
        <test-method signature="visibilityOfEmailIDField()[pri:0, instance:com.Shrava.LoginTest@799d4f69]" started-at="2023-12-18T16:45:17Z" name="visibilityOfEmailIDField" finished-at="2023-12-18T16:45:17Z" duration-ms="29" status="PASS">
          <reporter-output>
          </reporter-output>
        </test-method> <!-- visibilityOfEmailIDField -->
        <test-method signature="visibilityOfBackToLoginButton()[pri:0, instance:com.Shrava.LoginTest@799d4f69]" started-at="2023-12-18T16:45:17Z" name="visibilityOfBackToLoginButton" finished-at="2023-12-18T16:45:17Z" duration-ms="36" status="PASS">
          <reporter-output>
          </reporter-output>
        </test-method> <!-- visibilityOfBackToLoginButton -->
        <test-method is-config="true" signature="getResult(org.testng.ITestResult)[pri:0, instance:com.Shrava.LoginTest@799d4f69]" started-at="2023-12-18T16:45:17Z" name="getResult" finished-at="2023-12-18T16:45:17Z" duration-ms="0" status="PASS">
          <params>
            <param index="0">
              <value>
                <![CDATA[[TestResult name=visibilityOfEmailIDField status=SUCCESS method=LoginTest.visibilityOfEmailIDField()[pri:0, instance:com.Shrava.LoginTest@799d4f69] output={null}]]]>
              </value>
            </param>
          </params>
          <reporter-output>
          </reporter-output>
        </test-method> <!-- getResult -->
        <test-method is-config="true" signature="getResult(org.testng.ITestResult)[pri:0, instance:com.Shrava.LoginTest@799d4f69]" started-at="2023-12-18T16:45:17Z" name="getResult" finished-at="2023-12-18T16:45:17Z" duration-ms="0" status="PASS">
          <params>
            <param index="0">
              <value>
                <![CDATA[[TestResult name=visibilityOfBackToLoginButton status=SUCCESS method=LoginTest.visibilityOfBackToLoginButton()[pri:0, instance:com.Shrava.LoginTest@799d4f69] output={null}]]]>
              </value>
            </param>
          </params>
          <reporter-output>
          </reporter-output>
        </test-method> <!-- getResult -->
        <test-method signature="visibilityOfReserPasswordButton()[pri:0, instance:com.Shrava.LoginTest@799d4f69]" started-at="2023-12-18T16:45:17Z" name="visibilityOfReserPasswordButton" finished-at="2023-12-18T16:45:17Z" duration-ms="27" status="PASS">
          <reporter-output>
          </reporter-output>
        </test-method> <!-- visibilityOfReserPasswordButton -->
        <test-method signature="enabilityOfReserPasswordButton()[pri:0, instance:com.Shrava.LoginTest@799d4f69]" started-at="2023-12-18T16:45:17Z" name="enabilityOfReserPasswordButton" finished-at="2023-12-18T16:45:18Z" duration-ms="67" status="PASS">
          <reporter-output>
          </reporter-output>
        </test-method> <!-- enabilityOfReserPasswordButton -->
        <test-method is-config="true" signature="getResult(org.testng.ITestResult)[pri:0, instance:com.Shrava.LoginTest@799d4f69]" started-at="2023-12-18T16:45:17Z" name="getResult" finished-at="2023-12-18T16:45:17Z" duration-ms="0" status="PASS">
          <params>
            <param index="0">
              <value>
                <![CDATA[[TestResult name=visibilityOfReserPasswordButton status=SUCCESS method=LoginTest.visibilityOfReserPasswordButton()[pri:0, instance:com.Shrava.LoginTest@799d4f69] output={null}]]]>
              </value>
            </param>
          </params>
          <reporter-output>
          </reporter-output>
        </test-method> <!-- getResult -->
        <test-method is-config="true" signature="getResult(org.testng.ITestResult)[pri:0, instance:com.Shrava.LoginTest@799d4f69]" started-at="2023-12-18T16:45:18Z" name="getResult" finished-at="2023-12-18T16:45:18Z" duration-ms="1" status="PASS">
          <params>
            <param index="0">
              <value>
                <![CDATA[[TestResult name=enabilityOfReserPasswordButton status=SUCCESS method=LoginTest.enabilityOfReserPasswordButton()[pri:0, instance:com.Shrava.LoginTest@799d4f69] output={null}]]]>
              </value>
            </param>
          </params>
          <reporter-output>
          </reporter-output>
        </test-method> <!-- getResult -->
        <test-method signature="verifyAlertforInvalideEmail()[pri:0, instance:com.Shrava.LoginTest@799d4f69]" started-at="2023-12-18T16:45:18Z" name="verifyAlertforInvalideEmail" finished-at="2023-12-18T16:45:19Z" duration-ms="953" status="PASS">
          <reporter-output>
          </reporter-output>
        </test-method> <!-- verifyAlertforInvalideEmail -->
        <test-method is-config="true" signature="getResult(org.testng.ITestResult)[pri:0, instance:com.Shrava.LoginTest@799d4f69]" started-at="2023-12-18T16:45:19Z" name="getResult" finished-at="2023-12-18T16:45:19Z" duration-ms="1" status="PASS">
          <params>
            <param index="0">
              <value>
                <![CDATA[[TestResult name=verifyAlertforInvalideEmail status=SUCCESS method=LoginTest.verifyAlertforInvalideEmail()[pri:0, instance:com.Shrava.LoginTest@799d4f69] output={null}]]]>
              </value>
            </param>
          </params>
          <reporter-output>
          </reporter-output>
        </test-method> <!-- getResult -->
        <test-method signature="verifyAlertforValideEmail()[pri:0, instance:com.Shrava.LoginTest@799d4f69]" started-at="2023-12-18T16:45:19Z" name="verifyAlertforValideEmail" finished-at="2023-12-18T16:45:24Z" duration-ms="5283" status="FAIL">
          <exception class="java.lang.AssertionError">
            <message>
              <![CDATA[expected [true] but found [false]]]>
            </message>
            <full-stacktrace>
              <![CDATA[java.lang.AssertionError: expected [true] but found [false]
	at org.testng.Assert.fail(Assert.java:94)
	at org.testng.Assert.failNotEquals(Assert.java:494)
	at org.testng.Assert.assertTrue(Assert.java:42)
	at org.testng.Assert.assertTrue(Assert.java:52)
	at com.Shrava.LoginTest.verifyAlertforValideEmail(LoginTest.java:193)
	at java.base/jdk.internal.reflect.DirectMethodHandleAccessor.invoke(DirectMethodHandleAccessor.java:104)
	at java.base/java.lang.reflect.Method.invoke(Method.java:578)
	at org.testng.internal.MethodInvocationHelper.invokeMethod(MethodInvocationHelper.java:85)
	at org.testng.internal.Invoker.invokeMethod(Invoker.java:696)
	at org.testng.internal.Invoker.invokeTestMethod(Invoker.java:882)
	at org.testng.internal.Invoker.invokeTestMethods(Invoker.java:1189)
	at org.testng.internal.TestMethodWorker.invokeTestMethods(TestMethodWorker.java:124)
	at org.testng.internal.TestMethodWorker.run(TestMethodWorker.java:108)
	at org.testng.TestRunner.privateRun(TestRunner.java:767)
	at org.testng.TestRunner.run(TestRunner.java:617)
	at org.testng.SuiteRunner.runTest(SuiteRunner.java:348)
	at org.testng.SuiteRunner.runSequentially(SuiteRunner.java:343)
	at org.testng.SuiteRunner.privateRun(SuiteRunner.java:305)
	at org.testng.SuiteRunner.run(SuiteRunner.java:254)
	at org.testng.SuiteRunnerWorker.runSuite(SuiteRunnerWorker.java:52)
	at org.testng.SuiteRunnerWorker.run(SuiteRunnerWorker.java:86)
	at org.testng.TestNG.runSuitesSequentially(TestNG.java:1224)
	at org.testng.TestNG.runSuitesLocally(TestNG.java:1149)
	at org.testng.TestNG.run(TestNG.java:1057)
	at com.intellij.rt.testng.IDEARemoteTestNG.run(IDEARemoteTestNG.java:66)
	at com.intellij.rt.testng.RemoteTestNGStarter.main(RemoteTestNGStarter.java:109)
]]>
            </full-stacktrace>
          </exception> <!-- java.lang.AssertionError -->
          <reporter-output>
          </reporter-output>
        </test-method> <!-- verifyAlertforValideEmail -->
        <test-method is-config="true" signature="getResult(org.testng.ITestResult)[pri:0, instance:com.Shrava.LoginTest@799d4f69]" started-at="2023-12-18T16:45:24Z" name="getResult" finished-at="2023-12-18T16:45:24Z" duration-ms="398" status="PASS">
          <params>
            <param index="0">
              <value>
                <![CDATA[[TestResult name=verifyAlertforValideEmail status=FAILURE method=LoginTest.verifyAlertforValideEmail()[pri:0, instance:com.Shrava.LoginTest@799d4f69] output={null}]]]>
              </value>
            </param>
          </params>
          <reporter-output>
          </reporter-output>
        </test-method> <!-- getResult -->
        <test-method signature="clickonBackToLogin()[pri:0, instance:com.Shrava.LoginTest@799d4f69]" started-at="2023-12-18T16:45:24Z" name="clickonBackToLogin" finished-at="2023-12-18T16:45:25Z" duration-ms="890" status="PASS">
          <reporter-output>
          </reporter-output>
        </test-method> <!-- clickonBackToLogin -->
        <test-method is-config="true" signature="getResult(org.testng.ITestResult)[pri:0, instance:com.Shrava.LoginTest@799d4f69]" started-at="2023-12-18T16:45:25Z" name="getResult" finished-at="2023-12-18T16:45:25Z" duration-ms="1" status="PASS">
          <params>
            <param index="0">
              <value>
                <![CDATA[[TestResult name=clickonBackToLogin status=SUCCESS method=LoginTest.clickonBackToLogin()[pri:0, instance:com.Shrava.LoginTest@799d4f69] output={null}]]]>
              </value>
            </param>
          </params>
          <reporter-output>
          </reporter-output>
        </test-method> <!-- getResult -->
        <test-method signature="visibilityOfLoginContainer1()[pri:0, instance:com.Shrava.LoginTest@799d4f69]" started-at="2023-12-18T16:45:25Z" name="visibilityOfLoginContainer1" finished-at="2023-12-18T16:45:25Z" duration-ms="27" status="PASS">
          <reporter-output>
          </reporter-output>
        </test-method> <!-- visibilityOfLoginContainer1 -->
        <test-method is-config="true" signature="getResult(org.testng.ITestResult)[pri:0, instance:com.Shrava.LoginTest@799d4f69]" started-at="2023-12-18T16:45:25Z" name="getResult" finished-at="2023-12-18T16:45:25Z" duration-ms="0" status="PASS">
          <params>
            <param index="0">
              <value>
                <![CDATA[[TestResult name=visibilityOfLoginContainer1 status=SUCCESS method=LoginTest.visibilityOfLoginContainer1()[pri:0, instance:com.Shrava.LoginTest@799d4f69] output={null}]]]>
              </value>
            </param>
          </params>
          <reporter-output>
          </reporter-output>
        </test-method> <!-- getResult -->
        <test-method signature="verifyValidLogin(java.lang.String, java.lang.String)[pri:0, instance:com.Shrava.LoginTest@799d4f69]" started-at="2023-12-18T16:45:25Z" name="verifyValidLogin" data-provider="ValidAuthentication" finished-at="2023-12-18T16:45:26Z" duration-ms="433" status="PASS">
          <params>
            <param index="0">
              <value>
                <![CDATA[sunil_koli]]>
              </value>
            </param>
            <param index="1">
              <value>
                <![CDATA[Automationengineer@123]]>
              </value>
            </param>
          </params>
          <reporter-output>
          </reporter-output>
        </test-method> <!-- verifyValidLogin -->
        <test-method is-config="true" signature="getResult(org.testng.ITestResult)[pri:0, instance:com.Shrava.LoginTest@799d4f69]" started-at="2023-12-18T16:45:26Z" name="getResult" finished-at="2023-12-18T16:45:26Z" duration-ms="0" status="PASS">
          <params>
            <param index="0">
              <value>
                <![CDATA[[TestResult name=verifyValidLogin status=SUCCESS method=LoginTest.verifyValidLogin(java.lang.String, java.lang.String)[pri:0, instance:com.Shrava.LoginTest@799d4f69] output={null}]]]>
              </value>
            </param>
          </params>
          <reporter-output>
          </reporter-output>
        </test-method> <!-- getResult -->
        <test-method signature="visibilityMandaraHomePage()[pri:0, instance:com.Shrava.LoginTest@799d4f69]" started-at="2023-12-18T16:45:26Z" name="visibilityMandaraHomePage" finished-at="2023-12-18T16:45:27Z" duration-ms="1050" status="PASS">
          <reporter-output>
          </reporter-output>
        </test-method> <!-- visibilityMandaraHomePage -->
        <test-method is-config="true" signature="getResult(org.testng.ITestResult)[pri:0, instance:com.Shrava.LoginTest@799d4f69]" started-at="2023-12-18T16:45:27Z" name="getResult" finished-at="2023-12-18T16:45:27Z" duration-ms="1" status="PASS">
          <params>
            <param index="0">
              <value>
                <![CDATA[[TestResult name=visibilityMandaraHomePage status=SUCCESS method=LoginTest.visibilityMandaraHomePage()[pri:0, instance:com.Shrava.LoginTest@799d4f69] output={null}]]]>
              </value>
            </param>
          </params>
          <reporter-output>
          </reporter-output>
        </test-method> <!-- getResult -->
      </class> <!-- com.Shrava.LoginTest -->
    </test> <!-- Mandara_Test -->
  </suite> <!-- Shonit -->
</testng-results>
