<?xml version="1.0" encoding="UTF-8"?>
<!-- Generated by org.testng.reporters.JUnitXMLReporter -->
<testsuite hostname="Dushs-MBP" failures="1" tests="50" name="Mandara_Test" time="61.344" errors="0" timestamp="18 Dec 2023 11:15:48 GMT">
  <testcase classname="com.Shrava.LoginTest" name="verifySigTupleTittle" time="29.174"/>
  <testcase classname="com.Shrava.LoginTest" name="verifyMandaraAppLoad" time="0.032"/>
  <testcase classname="com.Shrava.LoginTest" name="visibilityOfSigtupleLogo" time="0.043"/>
  <testcase classname="com.Shrava.LoginTest" name="visibilityOfLoginContainer" time="0.029"/>
  <testcase classname="com.Shrava.LoginTest" name="visibilityOfUserNameField" time="0.036"/>
  <testcase classname="com.Shrava.LoginTest" name="visibilityOfPassNameField" time="0.032"/>
  <testcase classname="com.Shrava.LoginTest" name="visibilityOfLoginButton" time="0.051"/>
  <testcase classname="com.Shrava.LoginTest" name="enabilityOfLoginButton" time="0.024"/>
  <testcase classname="com.Shrava.LoginTest" name="verifyUserNameAlerttest" time="0.684"/>
  <testcase classname="com.Shrava.LoginTest" name="verifyPasswordAlerttest" time="0.661"/>
  <testcase classname="com.Shrava.LoginTest" name="visibilityOfForgotPasswordButton" time="0.031"/>
  <testcase classname="com.Shrava.LoginTest" name="clickOnForgotPasswordButton" time="0.065"/>
  <testcase classname="com.Shrava.LoginTest" name="verifyForgotPasswordPageLoaded" time="0.03"/>
  <testcase classname="com.Shrava.LoginTest" name="visibilityOfEmailIDField" time="0.029"/>
  <testcase classname="com.Shrava.LoginTest" name="visibilityOfBackToLoginButton" time="0.036"/>
  <testcase classname="com.Shrava.LoginTest" name="visibilityOfReserPasswordButton" time="0.027"/>
  <testcase classname="com.Shrava.LoginTest" name="enabilityOfReserPasswordButton" time="0.067"/>
  <testcase classname="com.Shrava.LoginTest" name="verifyAlertforInvalideEmail" time="0.953"/>
  <testcase classname="com.Shrava.LoginTest" name="verifyAlertforValideEmail" time="5.283">
    <failure type="java.lang.AssertionError" message="expected [true] but found [false]">
      <![CDATA[java.lang.AssertionError: expected [true] but found [false]
	at com.Shrava.LoginTest.verifyAlertforValideEmail(LoginTest.java:193)
	at com.intellij.rt.testng.IDEARemoteTestNG.run(IDEARemoteTestNG.java:66)
	at com.intellij.rt.testng.RemoteTestNGStarter.main(RemoteTestNGStarter.java:109)
... Removed 23 stack frames]]>
    </failure>
  </testcase> <!-- verifyAlertforValideEmail -->
  <testcase classname="com.Shrava.LoginTest" name="clickonBackToLogin" time="0.89"/>
  <testcase classname="com.Shrava.LoginTest" name="visibilityOfLoginContainer1" time="0.027"/>
  <testcase classname="com.Shrava.LoginTest" name="verifyValidLogin" time="0.433"/>
  <testcase classname="com.Shrava.LoginTest" name="visibilityMandaraHomePage" time="1.05"/>
  <testcase classname="com.Shrava.MandaraHomeTest" name="checkMadaraHomePage" time="0.044"/>
  <testcase classname="com.Shrava.MandaraHomeTest" name="verifyShonitCarddetails" time="0.29"/>
  <testcase classname="com.Shrava.MandaraHomeTest" name="checkSigtupleIcon" time="0.046"/>
  <testcase classname="com.Shrava.MandaraHomeTest" name="checkusericon" time="0.044"/>
  <testcase classname="com.Shrava.MandaraHomeTest" name="numberOfProductsForUser" time="0.027"/>
  <testcase classname="com.Shrava.MandaraHomeTest" name="availabilityOfShravaCard" time="0.029"/>
  <testcase classname="com.Shrava.MandaraHomeTest" name="verifyOptionFromUserIcon" time="5.149"/>
  <testcase classname="com.Shrava.ListReportTest" name="clickonListReportTest" time="0.385"/>
  <testcase classname="com.Shrava.ListReportTest" name="visibilityOfVersionCard" time="0.12"/>
  <testcase classname="com.Shrava.ListReportTest" name="visibilityOfPlateformVersion" time="0.048"/>
  <testcase classname="com.Shrava.ListReportTest" name="visibilityOfProductName" time="2.532"/>
  <testcase classname="com.Shrava.ListReportTest" name="visibilityOfSoftwareVersion" time="0.03"/>
  <testcase classname="com.Shrava.ListReportTest" name="closeproductVersionCard" time="0.099"/>
  <testcase classname="com.Shrava.ListReportTest" name="verifyListReportpage" time="0.245"/>
  <testcase classname="com.Shrava.ListReportTest" name="visibilityOfHelpIcon" time="0.26"/>
  <testcase classname="com.Shrava.ListReportTest" name="VerifyClickOnNotificationIcon" time="0.021"/>
  <testcase classname="com.Shrava.ListReportTest" name="verifymodulname" time="0.053"/>
  <testcase classname="com.Shrava.ListReportTest" name="verifyNotpadIcon" time="0.246"/>
  <testcase classname="com.Shrava.ListReportTest" name="verifyfilterIcon" time="0.028"/>
  <testcase classname="com.Shrava.ListReportTest" name="verifyrefreshicon" time="0.062"/>
  <testcase classname="com.Shrava.ListReportTest" name="verifyOptionFromUserIconOnShonitReportPage" time="5.532"/>
  <testcase classname="com.Shrava.ListReportTest" name="verifytableheader" time="0.171"/>
  <testcase classname="com.Shrava.ListReportTest" name="termsNCondTestOnShonitReportPage" time="0.709"/>
  <testcase classname="com.Shrava.ListReportTest" name="checkpaginationeditbox" time="0.313"/>
  <testcase classname="com.Shrava.ListReportTest" name="checkpaginationchevronicons" time="0.037"/>
  <testcase classname="com.Shrava.ListReportTest" name="checkpaginationposition" time="0.025"/>
  <testcase classname="com.Shrava.ListReportTest" name="verifySearchEnterText" time="4.633"/>
</testsuite> <!-- Mandara_Test -->
