<?xml version="1.0" encoding="UTF-8"?>
<testsuite xmlns:xsi="http://www.w3.org/2001/XMLSchema-instance" xsi:noNamespaceSchemaLocation="https://maven.apache.org/surefire/maven-surefire-plugin/xsd/surefire-test-report-3.0.xsd" version="3.0" name="TestSuite" time="52.477" tests="50" errors="0" skipped="0" failures="0">
  <properties>
[...]
</properties>
  <testcase name="verifySigTupleTittle[https://qa.sigtuple.com/login](1)" classname="com.Shrava.LoginTest" time="8.876">
    <system-out><![CDATA[Launching google chrome with new profile..
/Users/sunilkoli/Desktop/Shrava-Regression/Mandara_Sanity_Test/automation_report/Shrava/Shrava-19-12-1217.html
]]></system-out>
    <system-err><![CDATA[Starting ChromeDriver 2.43.600229 (3fae4d0cda5334b4f533bede5a4787f7b832d052) on port 28384
Only local connections are allowed.
Dec 19, 2023 12:17:52 PM org.openqa.selenium.remote.ProtocolHandshake createSession
INFO: Detected dialect: OSS
log4j:ERROR Could not parse file [log4.xml].
java.io.FileNotFoundException: /Users/sunilkoli/Desktop/Shrava-Regression/Mandara_Sanity_Test/log4.xml (No such file or directory)
	at java.base/java.io.FileInputStream.open0(Native Method)
	at java.base/java.io.FileInputStream.open(FileInputStream.java:219)
	at java.base/java.io.FileInputStream.<init>(FileInputStream.java:158)
	at java.base/java.io.FileInputStream.<init>(FileInputStream.java:112)
	at java.base/sun.net.www.protocol.file.FileURLConnection.connect(FileURLConnection.java:86)
	at java.base/sun.net.www.protocol.file.FileURLConnection.getInputStream(FileURLConnection.java:189)
	at java.xml/com.sun.org.apache.xerces.internal.impl.XMLEntityManager.setupCurrentEntity(XMLEntityManager.java:653)
	at java.xml/com.sun.org.apache.xerces.internal.impl.XMLVersionDetector.determineDocVersion(XMLVersionDetector.java:150)
	at java.xml/com.sun.org.apache.xerces.internal.parsers.XML11Configuration.parse(XML11Configuration.java:861)
	at java.xml/com.sun.org.apache.xerces.internal.parsers.XML11Configuration.parse(XML11Configuration.java:825)
	at java.xml/com.sun.org.apache.xerces.internal.parsers.XMLParser.parse(XMLParser.java:141)
	at java.xml/com.sun.org.apache.xerces.internal.parsers.DOMParser.parse(DOMParser.java:247)
	at java.xml/com.sun.org.apache.xerces.internal.jaxp.DocumentBuilderImpl.parse(DocumentBuilderImpl.java:342)
	at java.xml/javax.xml.parsers.DocumentBuilder.parse(DocumentBuilder.java:206)
	at org.apache.log4j.xml.DOMConfigurator$1.parse(DOMConfigurator.java:749)
	at org.apache.log4j.xml.DOMConfigurator.doConfigure(DOMConfigurator.java:871)
	at org.apache.log4j.xml.DOMConfigurator.doConfigure(DOMConfigurator.java:755)
	at org.apache.log4j.xml.DOMConfigurator.configure(DOMConfigurator.java:896)
	at com.utilities.BrowserSetUp.initializeTestBaseSetup(BrowserSetUp.java:87)
	at java.base/jdk.internal.reflect.DirectMethodHandleAccessor.invoke(DirectMethodHandleAccessor.java:104)
	at java.base/java.lang.reflect.Method.invoke(Method.java:578)
	at org.testng.internal.MethodInvocationHelper.invokeMethod(MethodInvocationHelper.java:85)
	at org.testng.internal.Invoker.invokeConfigurationMethod(Invoker.java:552)
	at org.testng.internal.Invoker.invokeConfigurations(Invoker.java:215)
	at org.testng.internal.Invoker.invokeConfigurations(Invoker.java:140)
	at org.testng.SuiteRunner.privateRun(SuiteRunner.java:291)
	at org.testng.SuiteRunner.run(SuiteRunner.java:254)
	at org.testng.SuiteRunnerWorker.runSuite(SuiteRunnerWorker.java:52)
	at org.testng.SuiteRunnerWorker.run(SuiteRunnerWorker.java:86)
	at org.testng.TestNG.runSuitesSequentially(TestNG.java:1224)
	at org.testng.TestNG.runSuitesLocally(TestNG.java:1149)
	at org.testng.TestNG.run(TestNG.java:1057)
	at org.apache.maven.surefire.testng.TestNGExecutor.run(TestNGExecutor.java:308)
	at org.apache.maven.surefire.testng.TestNGXmlTestSuite.execute(TestNGXmlTestSuite.java:71)
	at org.apache.maven.surefire.testng.TestNGProvider.invoke(TestNGProvider.java:113)
	at org.apache.maven.surefire.booter.ForkedBooter.runSuitesInProcess(ForkedBooter.java:385)
	at org.apache.maven.surefire.booter.ForkedBooter.execute(ForkedBooter.java:162)
	at org.apache.maven.surefire.booter.ForkedBooter.run(ForkedBooter.java:507)
	at org.apache.maven.surefire.booter.ForkedBooter.main(ForkedBooter.java:495)
log4j:WARN No appenders could be found for logger (com.utilities.ScreenshotListeners).
log4j:WARN Please initialize the log4j system properly.
log4j:WARN See http://logging.apache.org/log4j/1.2/faq.html#noconfig for more info.
]]></system-err>
  </testcase>
  <testcase name="verifyMandaraAppLoad" classname="com.Shrava.LoginTest" time="0.027"/>
  <testcase name="visibilityOfSigtupleLogo" classname="com.Shrava.LoginTest" time="0.033"/>
  <testcase name="visibilityOfLoginContainer" classname="com.Shrava.LoginTest" time="0.029"/>
  <testcase name="visibilityOfUserNameField" classname="com.Shrava.LoginTest" time="0.032"/>
  <testcase name="visibilityOfPassNameField" classname="com.Shrava.LoginTest" time="0.036"/>
  <testcase name="visibilityOfLoginButton" classname="com.Shrava.LoginTest" time="0.054"/>
  <testcase name="enabilityOfLoginButton" classname="com.Shrava.LoginTest" time="0.03"/>
  <testcase name="verifyUserNameAlerttest" classname="com.Shrava.LoginTest" time="0.687"/>
  <testcase name="verifyPasswordAlerttest" classname="com.Shrava.LoginTest" time="0.748"/>
  <testcase name="visibilityOfForgotPasswordButton" classname="com.Shrava.LoginTest" time="0.045"/>
  <testcase name="clickOnForgotPasswordButton" classname="com.Shrava.LoginTest" time="0.078"/>
  <testcase name="verifyForgotPasswordPageLoaded" classname="com.Shrava.LoginTest" time="0.036"/>
  <testcase name="visibilityOfEmailIDField" classname="com.Shrava.LoginTest" time="0.025"/>
  <testcase name="visibilityOfBackToLoginButton" classname="com.Shrava.LoginTest" time="0.037"/>
  <testcase name="visibilityOfReserPasswordButton" classname="com.Shrava.LoginTest" time="0.029"/>
  <testcase name="enabilityOfReserPasswordButton" classname="com.Shrava.LoginTest" time="0.031"/>
  <testcase name="verifyAlertforInvalideEmail" classname="com.Shrava.LoginTest" time="0.878"/>
  <testcase name="verifyAlertforValideEmail" classname="com.Shrava.LoginTest" time="5.706">
    <system-out><![CDATA[alert: An e-mail has been sent to santosh.budni@sigtuple.com with further instructions.
]]></system-out>
  </testcase>
  <testcase name="clickonBackToLogin" classname="com.Shrava.LoginTest" time="0.742"/>
  <testcase name="visibilityOfLoginContainer1" classname="com.Shrava.LoginTest" time="0.031"/>
  <testcase name="verifyValidLogin[sunil_koli, Automationengineer@123](1)" classname="com.Shrava.LoginTest" time="0.384"/>
  <testcase name="visibilityMandaraHomePage" classname="com.Shrava.LoginTest" time="1.241"/>
  <testcase name="checkMadaraHomePage" classname="com.Shrava.MandaraHomeTest" time="0.029"/>
  <testcase name="verifyShonitCarddetails" classname="com.Shrava.MandaraHomeTest" time="0.195">
    <system-out><![CDATA[Pending ReportsApproved ReportsRejected Reports
]]></system-out>
  </testcase>
  <testcase name="checkSigtupleIcon" classname="com.Shrava.MandaraHomeTest" time="0.03"/>
  <testcase name="checkusericon" classname="com.Shrava.MandaraHomeTest" time="0.031"/>
  <testcase name="numberOfProductsForUser" classname="com.Shrava.MandaraHomeTest" time="0.029"/>
  <testcase name="availabilityOfShravaCard" classname="com.Shrava.MandaraHomeTest" time="0.03">
    <system-out><![CDATA[Shrava 
]]></system-out>
  </testcase>
  <testcase name="verifyOptionFromUserIcon" classname="com.Shrava.MandaraHomeTest" time="5.355">
    <system-out><![CDATA[assignment_ind
My Account
keyboard_tab
Logout 
]]></system-out>
  </testcase>
  <testcase name="clickonListReportTest[Shrava](1)" classname="com.Shrava.ListReportTest" time="0.32"/>
  <testcase name="visibilityOfVersionCard" classname="com.Shrava.ListReportTest" time="0.058"/>
  <testcase name="visibilityOfPlateformVersion" classname="com.Shrava.ListReportTest" time="0.03"/>
  <testcase name="visibilityOfProductName" classname="com.Shrava.ListReportTest" time="2.591"/>
  <testcase name="visibilityOfSoftwareVersion" classname="com.Shrava.ListReportTest" time="0.261"/>
  <testcase name="closeproductVersionCard" classname="com.Shrava.ListReportTest" time="0.109"/>
  <testcase name="verifyListReportpage" classname="com.Shrava.ListReportTest" time="0.049"/>
  <testcase name="visibilityOfHelpIcon" classname="com.Shrava.ListReportTest" time="0.034"/>
  <testcase name="VerifyClickOnNotificationIcon" classname="com.Shrava.ListReportTest" time="0.135"/>
  <testcase name="verifymodulname[Shrava](1)" classname="com.Shrava.ListReportTest" time="0.033"/>
  <testcase name="verifyNotpadIcon" classname="com.Shrava.ListReportTest" time="0.024"/>
  <testcase name="verifyfilterIcon" classname="com.Shrava.ListReportTest" time="0.026"/>
  <testcase name="verifyrefreshicon" classname="com.Shrava.ListReportTest" time="0.024"/>
  <testcase name="verifyOptionFromUserIconOnShonitReportPage" classname="com.Shrava.ListReportTest" time="5.787">
    <system-out><![CDATA[assignment_ind
My Account
keyboard_tab
Logout 
]]></system-out>
  </testcase>
  <testcase name="verifytableheader[Shrava](1)" classname="com.Shrava.ListReportTest" time="0.172">
    <system-out><![CDATA[PRIORITY,SAMPLE ID,DESCRIPTION,INSTALLATION,SUBMITTED BY,SUBMITTED AT,REVIEWER,STATUS,
]]></system-out>
  </testcase>
  <testcase name="termsNCondTestOnShonitReportPage" classname="com.Shrava.ListReportTest" time="0.783"/>
  <testcase name="checkpaginationeditbox" classname="com.Shrava.ListReportTest" time="0.31"/>
  <testcase name="checkpaginationchevronicons" classname="com.Shrava.ListReportTest" time="0.038"/>
  <testcase name="checkpaginationposition" classname="com.Shrava.ListReportTest" time="0.042"/>
  <testcase name="verifySearchEnterText[Shrava](1)" classname="com.Shrava.ListReportTest" time="4.823"/>
</testsuite>