<?xml version="1.0" encoding="UTF-8"?>
<!-- Generated by org.testng.reporters.JUnitReportReporter -->
<testsuite hostname="Dushs-MacBook-Pro.local" failures="0" tests="23" name="com.Shrava.LoginTest" time="20.659" errors="0" timestamp="6 Dec 2023 12:07:10 GMT">
  <testcase classname="com.Shrava.LoginTest" name="verifyValidLogin" time="0.394"/>
  <testcase classname="com.Shrava.LoginTest" name="visibilityOfBackToLoginButton" time="0.065"/>
  <testcase classname="com.Shrava.LoginTest" name="visibilityOfReserPasswordButton" time="0.040"/>
  <testcase classname="com.Shrava.LoginTest" name="verifyAlertforValideEmail" time="5.630"/>
  <testcase classname="com.Shrava.LoginTest" name="visibilityOfLoginButton" time="0.050"/>
  <testcase classname="com.Shrava.LoginTest" name="clickonBackToLogin" time="0.742"/>
  <testcase classname="com.Shrava.LoginTest" name="verifyMandaraAppLoad" time="0.031"/>
  <testcase classname="com.Shrava.LoginTest" name="visibilityOfPassNameField" time="0.034"/>
  <testcase classname="com.Shrava.LoginTest" name="verifyPasswordAlerttest" time="0.686"/>
  <testcase classname="com.Shrava.LoginTest" name="verifyForgotPasswordPageLoaded" time="0.039"/>
  <testcase classname="com.Shrava.LoginTest" name="visibilityOfEmailIDField" time="0.036"/>
  <testcase classname="com.Shrava.LoginTest" name="visibilityOfSigtupleLogo" time="0.044"/>
  <testcase classname="com.Shrava.LoginTest" name="verifyAlertforInvalideEmail" time="1.110"/>
  <testcase classname="com.Shrava.LoginTest" name="visibilityOfForgotPasswordButton" time="0.031"/>
  <testcase classname="com.Shrava.LoginTest" name="enabilityOfLoginButton" time="0.024"/>
  <testcase classname="com.Shrava.LoginTest" name="visibilityOfLoginContainer1" time="0.031"/>
  <testcase classname="com.Shrava.LoginTest" name="visibilityOfLoginContainer" time="0.035"/>
  <testcase classname="com.Shrava.LoginTest" name="verifySigTupleTittle" time="10.115"/>
  <testcase classname="com.Shrava.LoginTest" name="visibilityOfUserNameField" time="0.037"/>
  <testcase classname="com.Shrava.LoginTest" name="enabilityOfReserPasswordButton" time="0.036"/>
  <testcase classname="com.Shrava.LoginTest" name="visibilityMandaraHomePage" time="1.164"/>
  <testcase classname="com.Shrava.LoginTest" name="verifyUserNameAlerttest" time="0.203"/>
  <testcase classname="com.Shrava.LoginTest" name="clickOnForgotPasswordButton" time="0.082"/>
</testsuite> <!-- com.Shrava.LoginTest -->
