<?xml version="1.0" encoding="UTF-8"?>
<!-- Generated by org.testng.reporters.JUnitXMLReporter -->
<testsuite hostname="Dushs-MacBook-Pro.local" failures="0" tests="50" name="Mandara_Test" time="41.244" errors="0" timestamp="19 Dec 2023 06:48:39 GMT">
  <testcase classname="com.Shrava.LoginTest" name="verifySigTupleTittle" time="8.875"/>
  <testcase classname="com.Shrava.LoginTest" name="verifyMandaraAppLoad" time="0.026"/>
  <testcase classname="com.Shrava.LoginTest" name="visibilityOfSigtupleLogo" time="0.033"/>
  <testcase classname="com.Shrava.LoginTest" name="visibilityOfLoginContainer" time="0.03"/>
  <testcase classname="com.Shrava.LoginTest" name="visibilityOfUserNameField" time="0.032"/>
  <testcase classname="com.Shrava.LoginTest" name="visibilityOfPassNameField" time="0.036"/>
  <testcase classname="com.Shrava.LoginTest" name="visibilityOfLoginButton" time="0.053"/>
  <testcase classname="com.Shrava.LoginTest" name="enabilityOfLoginButton" time="0.03"/>
  <testcase classname="com.Shrava.LoginTest" name="verifyUserNameAlerttest" time="0.687"/>
  <testcase classname="com.Shrava.LoginTest" name="verifyPasswordAlerttest" time="0.748"/>
  <testcase classname="com.Shrava.LoginTest" name="visibilityOfForgotPasswordButton" time="0.043"/>
  <testcase classname="com.Shrava.LoginTest" name="clickOnForgotPasswordButton" time="0.081"/>
  <testcase classname="com.Shrava.LoginTest" name="verifyForgotPasswordPageLoaded" time="0.035"/>
  <testcase classname="com.Shrava.LoginTest" name="visibilityOfEmailIDField" time="0.026"/>
  <testcase classname="com.Shrava.LoginTest" name="visibilityOfBackToLoginButton" time="0.036"/>
  <testcase classname="com.Shrava.LoginTest" name="visibilityOfReserPasswordButton" time="0.029"/>
  <testcase classname="com.Shrava.LoginTest" name="enabilityOfReserPasswordButton" time="0.049"/>
  <testcase classname="com.Shrava.LoginTest" name="verifyAlertforInvalideEmail" time="0.877"/>
  <testcase classname="com.Shrava.LoginTest" name="verifyAlertforValideEmail" time="5.705"/>
  <testcase classname="com.Shrava.LoginTest" name="clickonBackToLogin" time="0.73"/>
  <testcase classname="com.Shrava.LoginTest" name="visibilityOfLoginContainer1" time="0.042"/>
  <testcase classname="com.Shrava.LoginTest" name="verifyValidLogin" time="0.385"/>
  <testcase classname="com.Shrava.LoginTest" name="visibilityMandaraHomePage" time="1.242"/>
  <testcase classname="com.Shrava.MandaraHomeTest" name="checkMadaraHomePage" time="0.03"/>
  <testcase classname="com.Shrava.MandaraHomeTest" name="verifyShonitCarddetails" time="0.195"/>
  <testcase classname="com.Shrava.MandaraHomeTest" name="checkSigtupleIcon" time="0.031"/>
  <testcase classname="com.Shrava.MandaraHomeTest" name="checkusericon" time="0.031"/>
  <testcase classname="com.Shrava.MandaraHomeTest" name="numberOfProductsForUser" time="0.028"/>
  <testcase classname="com.Shrava.MandaraHomeTest" name="availabilityOfShravaCard" time="0.03"/>
  <testcase classname="com.Shrava.MandaraHomeTest" name="verifyOptionFromUserIcon" time="5.354"/>
  <testcase classname="com.Shrava.ListReportTest" name="clickonListReportTest" time="0.319"/>
  <testcase classname="com.Shrava.ListReportTest" name="visibilityOfVersionCard" time="0.06"/>
  <testcase classname="com.Shrava.ListReportTest" name="visibilityOfPlateformVersion" time="0.03"/>
  <testcase classname="com.Shrava.ListReportTest" name="visibilityOfProductName" time="2.591"/>
  <testcase classname="com.Shrava.ListReportTest" name="visibilityOfSoftwareVersion" time="0.263"/>
  <testcase classname="com.Shrava.ListReportTest" name="closeproductVersionCard" time="0.11"/>
  <testcase classname="com.Shrava.ListReportTest" name="verifyListReportpage" time="0.049"/>
  <testcase classname="com.Shrava.ListReportTest" name="visibilityOfHelpIcon" time="0.034"/>
  <testcase classname="com.Shrava.ListReportTest" name="VerifyClickOnNotificationIcon" time="0.136"/>
  <testcase classname="com.Shrava.ListReportTest" name="verifymodulname" time="0.033"/>
  <testcase classname="com.Shrava.ListReportTest" name="verifyNotpadIcon" time="0.024"/>
  <testcase classname="com.Shrava.ListReportTest" name="verifyfilterIcon" time="0.027"/>
  <testcase classname="com.Shrava.ListReportTest" name="verifyrefreshicon" time="0.023"/>
  <testcase classname="com.Shrava.ListReportTest" name="verifyOptionFromUserIconOnShonitReportPage" time="5.786"/>
  <testcase classname="com.Shrava.ListReportTest" name="verifytableheader" time="0.172"/>
  <testcase classname="com.Shrava.ListReportTest" name="termsNCondTestOnShonitReportPage" time="0.783"/>
  <testcase classname="com.Shrava.ListReportTest" name="checkpaginationeditbox" time="0.31"/>
  <testcase classname="com.Shrava.ListReportTest" name="checkpaginationchevronicons" time="0.038"/>
  <testcase classname="com.Shrava.ListReportTest" name="checkpaginationposition" time="0.043"/>
  <testcase classname="com.Shrava.ListReportTest" name="verifySearchEnterText" time="4.822"/>
</testsuite> <!-- Mandara_Test -->
